Using pre-set license
Built from '2022.3/staging' branch; Version is '2022.3.50f1 (c3db7f8bf9b1) revision 12835711'; Using compiler version '192829333'; Build Type 'Release'
OS: 'Windows 11  (10.0.26100) 64bit Professional' Language: 'en' Physical Memory: 16171 MB
BatchMode: 1, IsHumanControllingUs: 0, StartBugReporterOnCrash: 0, Is64bit: 1, IsPro: 1

COMMAND LINE ARGUMENTS:
C:\Program Files\Unity\Hub\Editor\2022.3.50f1\Editor\Unity.exe
-adb2
-batchMode
-noUpm
-name
AssetImportWorker3
-projectPath
D:/New folder/HBProject2
-logFile
Logs/AssetImportWorker3.log
-srvPort
53079
Successfully changed project path to: D:/New folder/HBProject2
D:/New folder/HBProject2
[UnityMemory] Configuration Parameters - Can be set up in boot.config
    "memorysetup-bucket-allocator-granularity=16"
    "memorysetup-bucket-allocator-bucket-count=8"
    "memorysetup-bucket-allocator-block-size=33554432"
    "memorysetup-bucket-allocator-block-count=8"
    "memorysetup-main-allocator-block-size=16777216"
    "memorysetup-thread-allocator-block-size=16777216"
    "memorysetup-gfx-main-allocator-block-size=16777216"
    "memorysetup-gfx-thread-allocator-block-size=16777216"
    "memorysetup-cache-allocator-block-size=4194304"
    "memorysetup-typetree-allocator-block-size=2097152"
    "memorysetup-profiler-bucket-allocator-granularity=16"
    "memorysetup-profiler-bucket-allocator-bucket-count=8"
    "memorysetup-profiler-bucket-allocator-block-size=33554432"
    "memorysetup-profiler-bucket-allocator-block-count=8"
    "memorysetup-profiler-allocator-block-size=16777216"
    "memorysetup-profiler-editor-allocator-block-size=1048576"
    "memorysetup-temp-allocator-size-main=16777216"
    "memorysetup-job-temp-allocator-block-size=2097152"
    "memorysetup-job-temp-allocator-block-size-background=1048576"
    "memorysetup-job-temp-allocator-reduction-small-platforms=262144"
    "memorysetup-allocator-temp-initial-block-size-main=262144"
    "memorysetup-allocator-temp-initial-block-size-worker=262144"
    "memorysetup-temp-allocator-size-background-worker=32768"
    "memorysetup-temp-allocator-size-job-worker=262144"
    "memorysetup-temp-allocator-size-preload-manager=33554432"
    "memorysetup-temp-allocator-size-nav-mesh-worker=65536"
    "memorysetup-temp-allocator-size-audio-worker=65536"
    "memorysetup-temp-allocator-size-cloud-worker=32768"
    "memorysetup-temp-allocator-size-gi-baking-worker=262144"
    "memorysetup-temp-allocator-size-gfx=262144"
Player connection [18548]  Target information:

Player connection [18548]  * "[IP] 192.168.1.90 [Port] 0 [Flags] 2 [Guid] 506057396 [EditorId] 506057396 [Version] 1048832 [Id] WindowsEditor(7,MS-7D46) [Debug] 1 [PackageName] WindowsEditor [ProjectName] Editor" 

Player connection [18548] Host joined multi-casting on [225.0.0.222:54997]...
Player connection [18548] Host joined alternative multi-casting on [225.0.0.222:34997]...
[PhysX] Initialized MultithreadedTaskDispatcher with 12 workers.
Refreshing native plugins compatible for Editor in 26.66 ms, found 3 plugins.
Preloading 0 native plugins for Editor in 0.00 ms.
Initialize engine version: 2022.3.50f1 (c3db7f8bf9b1)
[Subsystems] Discovering subsystems at path C:/Program Files/Unity/Hub/Editor/2022.3.50f1/Editor/Data/Resources/UnitySubsystems
[Subsystems] Discovering subsystems at path D:/New folder/HBProject2/Assets
GfxDevice: creating device client; threaded=0; jobified=0
Direct3D:
    Version:  Direct3D 11.0 [level 11.1]
    Renderer: Intel(R) UHD Graphics 730 (ID=0x4692)
    Vendor:   Intel
    VRAM:     8085 MB
    Driver:   32.0.101.6129
Initialize mono
Mono path[0] = 'C:/Program Files/Unity/Hub/Editor/2022.3.50f1/Editor/Data/Managed'
Mono path[1] = 'C:/Program Files/Unity/Hub/Editor/2022.3.50f1/Editor/Data/MonoBleedingEdge/lib/mono/unityjit-win32'
Mono config path = 'C:/Program Files/Unity/Hub/Editor/2022.3.50f1/Editor/Data/MonoBleedingEdge/etc'
Using monoOptions --debugger-agent=transport=dt_socket,embedding=1,server=y,suspend=n,address=127.0.0.1:56372
Begin MonoManager ReloadAssembly
Registering precompiled unity dll's ...
Register platform support module: C:/Program Files/Unity/Hub/Editor/2022.3.50f1/Editor/Data/PlaybackEngines/AndroidPlayer/UnityEditor.Android.Extensions.dll
Register platform support module: C:/Program Files/Unity/Hub/Editor/2022.3.50f1/Editor/Data/PlaybackEngines/iOSSupport/UnityEditor.iOS.Extensions.dll
Register platform support module: C:/Program Files/Unity/Hub/Editor/2022.3.50f1/Editor/Data/PlaybackEngines/WindowsStandaloneSupport/UnityEditor.WindowsStandalone.Extensions.dll
Registered in 0.004847 seconds.
- Loaded All Assemblies, in  0.257 seconds
Native extension for WindowsStandalone target not found
[usbmuxd] Start listen thread
[usbmuxd] Listen thread started
Native extension for iOS target not found
Native extension for Android target not found
Android Extension - Scanning For ADB Devices 183 ms
Mono: successfully reloaded assembly
- Finished resetting the current domain, in  0.417 seconds
Domain Reload Profiling: 673ms
	BeginReloadAssembly (77ms)
		ExecutionOrderSort (0ms)
		DisableScriptedObjects (0ms)
		BackupInstance (0ms)
		ReleaseScriptingObjects (0ms)
		CreateAndSetChildDomain (1ms)
	RebuildCommonClasses (24ms)
	RebuildNativeTypeToScriptingClass (7ms)
	initialDomainReloadingComplete (41ms)
	LoadAllAssembliesAndSetupDomain (107ms)
		LoadAssemblies (76ms)
		RebuildTransferFunctionScriptingTraits (0ms)
		AnalyzeDomain (105ms)
			TypeCache.Refresh (104ms)
				TypeCache.ScanAssembly (94ms)
			ScanForSourceGeneratedMonoScriptInfo (0ms)
			ResolveRequiredComponents (0ms)
	FinalizeReload (417ms)
		ReleaseScriptCaches (0ms)
		RebuildScriptCaches (0ms)
		SetupLoadedEditorAssemblies (383ms)
			LogAssemblyErrors (0ms)
			InitializePlatformSupportModulesInManaged (250ms)
			SetLoadedEditorAssemblies (4ms)
			RefreshPlugins (0ms)
			BeforeProcessingInitializeOnLoad (2ms)
			ProcessInitializeOnLoadAttributes (93ms)
			ProcessInitializeOnLoadMethodAttributes (35ms)
			AfterProcessingInitializeOnLoad (0ms)
			EditorAssembliesLoaded (0ms)
		ExecutionOrderSort2 (0ms)
		AwakeInstancesAfterBackupRestoration (0ms)
========================================================================
Worker process is ready to serve import requests
Caller must complete domain reload
Begin MonoManager ReloadAssembly
- Loaded All Assemblies, in  0.472 seconds
Native extension for WindowsStandalone target not found
Native extension for iOS target not found
Native extension for Android target not found
Mono: successfully reloaded assembly
- Finished resetting the current domain, in  0.463 seconds
Domain Reload Profiling: 934ms
	BeginReloadAssembly (114ms)
		ExecutionOrderSort (0ms)
		DisableScriptedObjects (3ms)
		BackupInstance (0ms)
		ReleaseScriptingObjects (0ms)
		CreateAndSetChildDomain (17ms)
	RebuildCommonClasses (24ms)
	RebuildNativeTypeToScriptingClass (8ms)
	initialDomainReloadingComplete (29ms)
	LoadAllAssembliesAndSetupDomain (296ms)
		LoadAssemblies (223ms)
		RebuildTransferFunctionScriptingTraits (0ms)
		AnalyzeDomain (142ms)
			TypeCache.Refresh (124ms)
				TypeCache.ScanAssembly (110ms)
			ScanForSourceGeneratedMonoScriptInfo (12ms)
			ResolveRequiredComponents (5ms)
	FinalizeReload (464ms)
		ReleaseScriptCaches (0ms)
		RebuildScriptCaches (0ms)
		SetupLoadedEditorAssemblies (351ms)
			LogAssemblyErrors (0ms)
			InitializePlatformSupportModulesInManaged (20ms)
			SetLoadedEditorAssemblies (3ms)
			RefreshPlugins (0ms)
			BeforeProcessingInitializeOnLoad (46ms)
			ProcessInitializeOnLoadAttributes (260ms)
			ProcessInitializeOnLoadMethodAttributes (16ms)
			AfterProcessingInitializeOnLoad (4ms)
			EditorAssembliesLoaded (0ms)
		ExecutionOrderSort2 (0ms)
		AwakeInstancesAfterBackupRestoration (4ms)
Launched and connected shader compiler UnityShaderCompiler.exe after 0.03 seconds
Refreshing native plugins compatible for Editor in 1.04 ms, found 3 plugins.
Preloading 0 native plugins for Editor in 0.00 ms.
Unloading 3104 Unused Serialized files (Serialized files now loaded: 0)
Unloading 20 unused Assets / (271.9 KB). Loaded Objects now: 3572.
Memory consumption went from 124.9 MB to 124.7 MB.
Total: 2.370600 ms (FindLiveObjects: 0.192800 ms CreateObjectMapping: 0.172500 ms MarkObjects: 1.849200 ms  DeleteObjects: 0.155200 ms)

AssetImportParameters requested are different than current active one (requested -> active):
  custom:container-demuxer-ogg: 62fdf1f143b41e24485cea50d1cbac27 -> 
  custom:video-codec-MediaFoundation-h265: 746d11721c4dcdbdad8f713fa42b33f4 -> 
  custom:video-decoder-ogg-theora: a1e56fd34408186e4bbccfd4996cb3dc -> 
  custom:framework-win-MediaFoundation: 216162199b28c13a410421893ffa2e32 -> 
  custom:CustomObjectIndexerAttribute: 9a22284fe3817be447336de3de66b15e -> 
  custom:container-demuxer-webm: 4f35f7cbe854078d1ac9338744f61a02 -> 
  custom:container-muxer-webm: aa71ff27fc2769a1b78a27578f13a17b -> 
  custom:video-decoder-webm-vp8: 9c59270c3fd7afecdb556c50c9e8de78 -> 
  custom:SearchIndexIgnoredProperties: e643bd26f0fe6173181afceb89e7c659 -> 
  custom:AudioImporter_EditorPlatform: d09bf68614088b80899f8185d706f6e7 -> 
  custom:video-encoder-webm-vp8: eb34c28f22e8b96e1ab97ce403110664 -> 
  custom:audio-decoder-ogg-vorbis: bf7c407c2cedff20999df2af8eb42d56 -> 
  custom:audio-encoder-webm-vorbis: bf7c407c2cedff20999df2af8eb42d56 -> 
========================================================================
Received Import Request.
  Time since last request: 2288575.902335 seconds.
  path: Assets/_Game/_Src/Hypercasual Action Props Pack Volume 3/Materials/Mat_ActionPropsPack_vol3_stylizedToonyShader_vol.3.mat
  artifactKey: Guid(a30f0abe6c9fb3348b20e57e145ef9c2) Importer(815301076,1909f56bfc062723c751e8b465ee728b)
Start importing Assets/_Game/_Src/Hypercasual Action Props Pack Volume 3/Materials/Mat_ActionPropsPack_vol3_stylizedToonyShader_vol.3.mat using Guid(a30f0abe6c9fb3348b20e57e145ef9c2) Importer(815301076,1909f56bfc062723c751e8b465ee728b) [PhysX] Initialized MultithreadedTaskDispatcher with 12 workers.
[PhysX] Initialized MultithreadedTaskDispatcher with 12 workers.
 -> (artifact id: '9b57dfda02bf180ad785c7efbc2d9600') in 0.171768 seconds
Number of updated asset objects reloaded before import = 0
Number of asset objects unloaded after import = 3
========================================================================
Received Import Request.
  Time since last request: 0.000074 seconds.
  path: Assets/_Game/_Src/Hypercasual Action Props Pack Volume 3/Materials/Mat_VFX_CartoonClouds.mat
  artifactKey: Guid(871b39d912f8efd4b802adfe6411b8a8) Importer(815301076,1909f56bfc062723c751e8b465ee728b)
Start importing Assets/_Game/_Src/Hypercasual Action Props Pack Volume 3/Materials/Mat_VFX_CartoonClouds.mat using Guid(871b39d912f8efd4b802adfe6411b8a8) Importer(815301076,1909f56bfc062723c751e8b465ee728b) [PhysX] Initialized MultithreadedTaskDispatcher with 12 workers.
[PhysX] Initialized MultithreadedTaskDispatcher with 12 workers.
 -> (artifact id: '5acaa1dfe6fa458af77fa6e6d3a23a45') in 0.052736 seconds
Number of updated asset objects reloaded before import = 0
Number of asset objects unloaded after import = 2
========================================================================
Received Import Request.
  Time since last request: 0.000061 seconds.
  path: Assets/_Game/_Src/Hypercasual Action Props Pack Volume 3/Materials/Mat_Back.mat
  artifactKey: Guid(1d4ac26d1893ce344ad740825fa8b1d3) Importer(815301076,1909f56bfc062723c751e8b465ee728b)
Start importing Assets/_Game/_Src/Hypercasual Action Props Pack Volume 3/Materials/Mat_Back.mat using Guid(1d4ac26d1893ce344ad740825fa8b1d3) Importer(815301076,1909f56bfc062723c751e8b465ee728b) [PhysX] Initialized MultithreadedTaskDispatcher with 12 workers.
[PhysX] Initialized MultithreadedTaskDispatcher with 12 workers.
 -> (artifact id: 'be0f24db10ebea9ef0bcf9a078fabc37') in 0.028092 seconds
Number of updated asset objects reloaded before import = 0
Number of asset objects unloaded after import = 2
========================================================================
Received Import Request.
  Time since last request: 4.603214 seconds.
  path: Assets/_Game/_Src/Hypercasual Action Props Pack Volume 3/Prefabs/Standard Shader Prefabs/Banana_standardShader.prefab
  artifactKey: Guid(db76d228649321341b33146074e4404b) Importer(815301076,1909f56bfc062723c751e8b465ee728b)
Start importing Assets/_Game/_Src/Hypercasual Action Props Pack Volume 3/Prefabs/Standard Shader Prefabs/Banana_standardShader.prefab using Guid(db76d228649321341b33146074e4404b) Importer(815301076,1909f56bfc062723c751e8b465ee728b) [PhysX] Initialized MultithreadedTaskDispatcher with 12 workers.
[PhysX] Initialized MultithreadedTaskDispatcher with 12 workers.
 -> (artifact id: '1fb489775ebac46bb7f8232a7ed3f5b2') in 0.035390 seconds
Number of updated asset objects reloaded before import = 0
Number of asset objects unloaded after import = 9
========================================================================
Received Import Request.
  Time since last request: 0.000021 seconds.
  path: Assets/_Game/_Src/Hypercasual Action Props Pack Volume 3/Prefabs/Standard Shader Prefabs/C4WithTimer_standardShader.prefab
  artifactKey: Guid(91290bc8742754d428601570823d2232) Importer(815301076,1909f56bfc062723c751e8b465ee728b)
Start importing Assets/_Game/_Src/Hypercasual Action Props Pack Volume 3/Prefabs/Standard Shader Prefabs/C4WithTimer_standardShader.prefab using Guid(91290bc8742754d428601570823d2232) Importer(815301076,1909f56bfc062723c751e8b465ee728b) [PhysX] Initialized MultithreadedTaskDispatcher with 12 workers.
[PhysX] Initialized MultithreadedTaskDispatcher with 12 workers.
 -> (artifact id: '8d3bb55369ee0248056cad2f27072551') in 0.015135 seconds
Number of updated asset objects reloaded before import = 0
Number of asset objects unloaded after import = 9
========================================================================
Received Import Request.
  Time since last request: 0.000021 seconds.
  path: Assets/_Game/_Src/Hypercasual Action Props Pack Volume 3/Prefabs/Standard Shader Prefabs/GolfClub_standardShader.prefab
  artifactKey: Guid(13afc58790dc7ce449cf76b060552bb5) Importer(815301076,1909f56bfc062723c751e8b465ee728b)
Start importing Assets/_Game/_Src/Hypercasual Action Props Pack Volume 3/Prefabs/Standard Shader Prefabs/GolfClub_standardShader.prefab using Guid(13afc58790dc7ce449cf76b060552bb5) Importer(815301076,1909f56bfc062723c751e8b465ee728b) [PhysX] Initialized MultithreadedTaskDispatcher with 12 workers.
[PhysX] Initialized MultithreadedTaskDispatcher with 12 workers.
 -> (artifact id: '75b0d65e0c59e2e7da552ecfa8246023') in 0.012924 seconds
Number of updated asset objects reloaded before import = 0
Number of asset objects unloaded after import = 9
========================================================================
Received Import Request.
  Time since last request: 0.005372 seconds.
  path: Assets/_Game/_Src/Hypercasual Action Props Pack Volume 3/Prefabs/Standard Shader Prefabs/Knife04_standardShader.prefab
  artifactKey: Guid(bd545cee09141b24396c93d3ce66b4fd) Importer(815301076,1909f56bfc062723c751e8b465ee728b)
Start importing Assets/_Game/_Src/Hypercasual Action Props Pack Volume 3/Prefabs/Standard Shader Prefabs/Knife04_standardShader.prefab using Guid(bd545cee09141b24396c93d3ce66b4fd) Importer(815301076,1909f56bfc062723c751e8b465ee728b) [PhysX] Initialized MultithreadedTaskDispatcher with 12 workers.
[PhysX] Initialized MultithreadedTaskDispatcher with 12 workers.
 -> (artifact id: 'e5052712b4ee488cd34862f44ed23b51') in 0.012015 seconds
Number of updated asset objects reloaded before import = 0
Number of asset objects unloaded after import = 9
========================================================================
Received Import Request.
  Time since last request: 0.023365 seconds.
  path: Assets/_Game/_Src/Hypercasual Action Props Pack Volume 3/Prefabs/Standard Shader Prefabs/NutWrench_standardShader.prefab
  artifactKey: Guid(af37e83fd9f646941b9e4b5c46ca1b35) Importer(815301076,1909f56bfc062723c751e8b465ee728b)
Start importing Assets/_Game/_Src/Hypercasual Action Props Pack Volume 3/Prefabs/Standard Shader Prefabs/NutWrench_standardShader.prefab using Guid(af37e83fd9f646941b9e4b5c46ca1b35) Importer(815301076,1909f56bfc062723c751e8b465ee728b) [PhysX] Initialized MultithreadedTaskDispatcher with 12 workers.
[PhysX] Initialized MultithreadedTaskDispatcher with 12 workers.
 -> (artifact id: 'a189bc633def3ab0b092602c4db411c6') in 0.019848 seconds
Number of updated asset objects reloaded before import = 0
Number of asset objects unloaded after import = 9
========================================================================
Received Import Request.
  Time since last request: 0.000018 seconds.
  path: Assets/_Game/_Src/Hypercasual Action Props Pack Volume 3/Prefabs/Standard Shader Prefabs/Pistol06_standardShader.prefab
  artifactKey: Guid(cc87c7f3a9def2049ac8f95e9278d68f) Importer(815301076,1909f56bfc062723c751e8b465ee728b)
Start importing Assets/_Game/_Src/Hypercasual Action Props Pack Volume 3/Prefabs/Standard Shader Prefabs/Pistol06_standardShader.prefab using Guid(cc87c7f3a9def2049ac8f95e9278d68f) Importer(815301076,1909f56bfc062723c751e8b465ee728b) [PhysX] Initialized MultithreadedTaskDispatcher with 12 workers.
[PhysX] Initialized MultithreadedTaskDispatcher with 12 workers.
 -> (artifact id: '906a78e10cc4cf5f4d6a4007093f7081') in 0.015246 seconds
Number of updated asset objects reloaded before import = 0
Number of asset objects unloaded after import = 9
========================================================================
Received Import Request.
  Time since last request: 0.000020 seconds.
  path: Assets/_Game/_Src/Hypercasual Action Props Pack Volume 3/Prefabs/Standard Shader Prefabs/Pistol09_standardShader.prefab
  artifactKey: Guid(055149e32da7a9047918e14239193bbf) Importer(815301076,1909f56bfc062723c751e8b465ee728b)
Start importing Assets/_Game/_Src/Hypercasual Action Props Pack Volume 3/Prefabs/Standard Shader Prefabs/Pistol09_standardShader.prefab using Guid(055149e32da7a9047918e14239193bbf) Importer(815301076,1909f56bfc062723c751e8b465ee728b) [PhysX] Initialized MultithreadedTaskDispatcher with 12 workers.
[PhysX] Initialized MultithreadedTaskDispatcher with 12 workers.
 -> (artifact id: 'ec01c815893ee9c08bd062d2732072d1') in 0.013739 seconds
Number of updated asset objects reloaded before import = 0
Number of asset objects unloaded after import = 9
========================================================================
Received Import Request.
  Time since last request: 0.004407 seconds.
  path: Assets/_Game/_Src/Hypercasual Action Props Pack Volume 3/Prefabs/Standard Shader Prefabs/Pistol12_standardShader.prefab
  artifactKey: Guid(0b3f7f59258b2cf48a11af74f3510647) Importer(815301076,1909f56bfc062723c751e8b465ee728b)
Start importing Assets/_Game/_Src/Hypercasual Action Props Pack Volume 3/Prefabs/Standard Shader Prefabs/Pistol12_standardShader.prefab using Guid(0b3f7f59258b2cf48a11af74f3510647) Importer(815301076,1909f56bfc062723c751e8b465ee728b) [PhysX] Initialized MultithreadedTaskDispatcher with 12 workers.
[PhysX] Initialized MultithreadedTaskDispatcher with 12 workers.
 -> (artifact id: '37369f4f250a00445ae4a326ed6511ad') in 0.013369 seconds
Number of updated asset objects reloaded before import = 0
Number of asset objects unloaded after import = 9
========================================================================
Received Import Request.
  Time since last request: 0.000019 seconds.
  path: Assets/_Game/_Src/Hypercasual Action Props Pack Volume 3/Prefabs/Standard Shader Prefabs/Pistol15_standardShader.prefab
  artifactKey: Guid(bf38a1d3accebfb458a5868e8908d515) Importer(815301076,1909f56bfc062723c751e8b465ee728b)
Start importing Assets/_Game/_Src/Hypercasual Action Props Pack Volume 3/Prefabs/Standard Shader Prefabs/Pistol15_standardShader.prefab using Guid(bf38a1d3accebfb458a5868e8908d515) Importer(815301076,1909f56bfc062723c751e8b465ee728b) [PhysX] Initialized MultithreadedTaskDispatcher with 12 workers.
[PhysX] Initialized MultithreadedTaskDispatcher with 12 workers.
 -> (artifact id: '171170abd0721d86db7a5aa3b260c647') in 0.011537 seconds
Number of updated asset objects reloaded before import = 0
Number of asset objects unloaded after import = 9
========================================================================
Received Import Request.
  Time since last request: 8.069072 seconds.
  path: Assets/_Game/_Src/Hypercasual Action Props Pack Volume 3/Prefabs/Standard Shader Prefabs/ReloadIcon_red_standardShader.prefab
  artifactKey: Guid(2b9ac049a3e0a4d469d4d15447805c9e) Importer(815301076,1909f56bfc062723c751e8b465ee728b)
Start importing Assets/_Game/_Src/Hypercasual Action Props Pack Volume 3/Prefabs/Standard Shader Prefabs/ReloadIcon_red_standardShader.prefab using Guid(2b9ac049a3e0a4d469d4d15447805c9e) Importer(815301076,1909f56bfc062723c751e8b465ee728b) [PhysX] Initialized MultithreadedTaskDispatcher with 12 workers.
[PhysX] Initialized MultithreadedTaskDispatcher with 12 workers.
 -> (artifact id: 'fb5ca978ed74f933b0382e83e43a50b6') in 0.019860 seconds
Number of updated asset objects reloaded before import = 0
Number of asset objects unloaded after import = 9
========================================================================
Received Import Request.
  Time since last request: 0.000029 seconds.
  path: Assets/_Game/_Src/Hypercasual Action Props Pack Volume 3/Prefabs/Standard Shader Prefabs/RevolvingGrenadeGun01_standardShader.prefab
  artifactKey: Guid(48e81a9f532789147bd7c50418305616) Importer(815301076,1909f56bfc062723c751e8b465ee728b)
Start importing Assets/_Game/_Src/Hypercasual Action Props Pack Volume 3/Prefabs/Standard Shader Prefabs/RevolvingGrenadeGun01_standardShader.prefab using Guid(48e81a9f532789147bd7c50418305616) Importer(815301076,1909f56bfc062723c751e8b465ee728b) [PhysX] Initialized MultithreadedTaskDispatcher with 12 workers.
[PhysX] Initialized MultithreadedTaskDispatcher with 12 workers.
 -> (artifact id: '36faa3ff1f4bb586494a83a0b95ff3b4') in 0.020757 seconds
Number of updated asset objects reloaded before import = 0
Number of asset objects unloaded after import = 14
========================================================================
Received Import Request.
  Time since last request: 0.000017 seconds.
  path: Assets/_Game/_Src/Hypercasual Action Props Pack Volume 3/Prefabs/Standard Shader Prefabs/RevolvingGrenadeGun02_standardShader.prefab
  artifactKey: Guid(7c4b7a2e28a5da44f9029889e3e04f19) Importer(815301076,1909f56bfc062723c751e8b465ee728b)
Start importing Assets/_Game/_Src/Hypercasual Action Props Pack Volume 3/Prefabs/Standard Shader Prefabs/RevolvingGrenadeGun02_standardShader.prefab using Guid(7c4b7a2e28a5da44f9029889e3e04f19) Importer(815301076,1909f56bfc062723c751e8b465ee728b) [PhysX] Initialized MultithreadedTaskDispatcher with 12 workers.
[PhysX] Initialized MultithreadedTaskDispatcher with 12 workers.
 -> (artifact id: 'c47f7fbf4a4d33cf94f87b1c0cd460b0') in 0.020511 seconds
Number of updated asset objects reloaded before import = 0
Number of asset objects unloaded after import = 14
========================================================================
Received Import Request.
  Time since last request: 0.913027 seconds.
  path: Assets/_Game/_Src/Hypercasual Action Props Pack Volume 3/Prefabs/Standard Shader Prefabs/Shuriken03_standardShader.prefab
  artifactKey: Guid(8608332b8e101a04d96cf5dc59d1b2b8) Importer(815301076,1909f56bfc062723c751e8b465ee728b)
Start importing Assets/_Game/_Src/Hypercasual Action Props Pack Volume 3/Prefabs/Standard Shader Prefabs/Shuriken03_standardShader.prefab using Guid(8608332b8e101a04d96cf5dc59d1b2b8) Importer(815301076,1909f56bfc062723c751e8b465ee728b) [PhysX] Initialized MultithreadedTaskDispatcher with 12 workers.
[PhysX] Initialized MultithreadedTaskDispatcher with 12 workers.
 -> (artifact id: 'ee898a1a55c22fcdd3a9bbb7fc6cdb81') in 0.012711 seconds
Number of updated asset objects reloaded before import = 0
Number of asset objects unloaded after import = 9
========================================================================
Received Import Request.
  Time since last request: 0.003162 seconds.
  path: Assets/_Game/_Src/Hypercasual Action Props Pack Volume 3/Prefabs/Standard Shader Prefabs/Slingshot_standardShader.prefab
  artifactKey: Guid(8448813bf2d7e64459716add7852f658) Importer(815301076,1909f56bfc062723c751e8b465ee728b)
Start importing Assets/_Game/_Src/Hypercasual Action Props Pack Volume 3/Prefabs/Standard Shader Prefabs/Slingshot_standardShader.prefab using Guid(8448813bf2d7e64459716add7852f658) Importer(815301076,1909f56bfc062723c751e8b465ee728b) [PhysX] Initialized MultithreadedTaskDispatcher with 12 workers.
[PhysX] Initialized MultithreadedTaskDispatcher with 12 workers.
 -> (artifact id: '412ab0c034986bbf85726550098b6de4') in 0.023757 seconds
Number of updated asset objects reloaded before import = 0
Number of asset objects unloaded after import = 39
========================================================================
Received Import Request.
  Time since last request: 0.027897 seconds.
  path: Assets/_Game/_Src/Hypercasual Action Props Pack Volume 3/Prefabs/Standard Shader Prefabs/WalkieTalkie_standardShader.prefab
  artifactKey: Guid(9f0283eec78068744b8f676f868ef470) Importer(815301076,1909f56bfc062723c751e8b465ee728b)
Start importing Assets/_Game/_Src/Hypercasual Action Props Pack Volume 3/Prefabs/Standard Shader Prefabs/WalkieTalkie_standardShader.prefab using Guid(9f0283eec78068744b8f676f868ef470) Importer(815301076,1909f56bfc062723c751e8b465ee728b) [PhysX] Initialized MultithreadedTaskDispatcher with 12 workers.
[PhysX] Initialized MultithreadedTaskDispatcher with 12 workers.
 -> (artifact id: '218d38d9fa16ebc32824cff1d5bec27f') in 0.012770 seconds
Number of updated asset objects reloaded before import = 0
Number of asset objects unloaded after import = 9
Editor requested this worker to shutdown with reason: Scaling down because of idle timeout
TcpMessagingSession - receive error: operation aborted. errorcode: 995, details: The I/O operation has been aborted because of either a thread exit or an application request.
AssetImportWorker is now disconnected from the server
Process exiting
Exiting without the bug reporter. Application will terminate with return code 0