Using pre-set license
Built from '2022.3/staging' branch; Version is '2022.3.50f1 (c3db7f8bf9b1) revision 12835711'; Using compiler version '192829333'; Build Type 'Release'
OS: 'Windows 11  (10.0.26100) 64bit Professional' Language: 'en' Physical Memory: 16171 MB
BatchMode: 1, IsHumanControllingUs: 0, StartBugReporterOnCrash: 0, Is64bit: 1, IsPro: 1

COMMAND LINE ARGUMENTS:
C:\Program Files\Unity\Hub\Editor\2022.3.50f1\Editor\Unity.exe
-adb2
-batchMode
-noUpm
-name
AssetImportWorker0
-projectPath
D:/New folder/HBProject2
-logFile
Logs/AssetImportWorker0.log
-srvPort
53731
Successfully changed project path to: D:/New folder/HBProject2
D:/New folder/HBProject2
[UnityMemory] Configuration Parameters - Can be set up in boot.config
    "memorysetup-bucket-allocator-granularity=16"
    "memorysetup-bucket-allocator-bucket-count=8"
    "memorysetup-bucket-allocator-block-size=33554432"
    "memorysetup-bucket-allocator-block-count=8"
    "memorysetup-main-allocator-block-size=16777216"
    "memorysetup-thread-allocator-block-size=16777216"
    "memorysetup-gfx-main-allocator-block-size=16777216"
    "memorysetup-gfx-thread-allocator-block-size=16777216"
    "memorysetup-cache-allocator-block-size=4194304"
    "memorysetup-typetree-allocator-block-size=2097152"
    "memorysetup-profiler-bucket-allocator-granularity=16"
    "memorysetup-profiler-bucket-allocator-bucket-count=8"
    "memorysetup-profiler-bucket-allocator-block-size=33554432"
    "memorysetup-profiler-bucket-allocator-block-count=8"
    "memorysetup-profiler-allocator-block-size=16777216"
    "memorysetup-profiler-editor-allocator-block-size=1048576"
    "memorysetup-temp-allocator-size-main=16777216"
    "memorysetup-job-temp-allocator-block-size=2097152"
    "memorysetup-job-temp-allocator-block-size-background=1048576"
    "memorysetup-job-temp-allocator-reduction-small-platforms=262144"
    "memorysetup-allocator-temp-initial-block-size-main=262144"
    "memorysetup-allocator-temp-initial-block-size-worker=262144"
    "memorysetup-temp-allocator-size-background-worker=32768"
    "memorysetup-temp-allocator-size-job-worker=262144"
    "memorysetup-temp-allocator-size-preload-manager=33554432"
    "memorysetup-temp-allocator-size-nav-mesh-worker=65536"
    "memorysetup-temp-allocator-size-audio-worker=65536"
    "memorysetup-temp-allocator-size-cloud-worker=32768"
    "memorysetup-temp-allocator-size-gi-baking-worker=262144"
    "memorysetup-temp-allocator-size-gfx=262144"
Player connection [26492]  Target information:

Player connection [26492]  * "[IP] 192.168.1.90 [Port] 0 [Flags] 2 [Guid] 902727178 [EditorId] 902727178 [Version] 1048832 [Id] WindowsEditor(7,MS-7D46) [Debug] 1 [PackageName] WindowsEditor [ProjectName] Editor" 

Player connection [26492] Host joined multi-casting on [225.0.0.222:54997]...
Player connection [26492] Host joined alternative multi-casting on [225.0.0.222:34997]...
[PhysX] Initialized MultithreadedTaskDispatcher with 12 workers.
Refreshing native plugins compatible for Editor in 2312.73 ms, found 3 plugins.
Preloading 0 native plugins for Editor in 0.00 ms.
Initialize engine version: 2022.3.50f1 (c3db7f8bf9b1)
[Subsystems] Discovering subsystems at path C:/Program Files/Unity/Hub/Editor/2022.3.50f1/Editor/Data/Resources/UnitySubsystems
[Subsystems] Discovering subsystems at path D:/New folder/HBProject2/Assets
GfxDevice: creating device client; threaded=0; jobified=0
Direct3D:
    Version:  Direct3D 11.0 [level 11.1]
    Renderer: Intel(R) UHD Graphics 730 (ID=0x4692)
    Vendor:   Intel
    VRAM:     8085 MB
    Driver:   32.0.101.6129
Initialize mono
Mono path[0] = 'C:/Program Files/Unity/Hub/Editor/2022.3.50f1/Editor/Data/Managed'
Mono path[1] = 'C:/Program Files/Unity/Hub/Editor/2022.3.50f1/Editor/Data/MonoBleedingEdge/lib/mono/unityjit-win32'
Mono config path = 'C:/Program Files/Unity/Hub/Editor/2022.3.50f1/Editor/Data/MonoBleedingEdge/etc'
Using monoOptions --debugger-agent=transport=dt_socket,embedding=1,server=y,suspend=n,address=127.0.0.1:56232
Begin MonoManager ReloadAssembly
Registering precompiled unity dll's ...
Register platform support module: C:/Program Files/Unity/Hub/Editor/2022.3.50f1/Editor/Data/PlaybackEngines/AndroidPlayer/UnityEditor.Android.Extensions.dll
Register platform support module: C:/Program Files/Unity/Hub/Editor/2022.3.50f1/Editor/Data/PlaybackEngines/iOSSupport/UnityEditor.iOS.Extensions.dll
Register platform support module: C:/Program Files/Unity/Hub/Editor/2022.3.50f1/Editor/Data/PlaybackEngines/WindowsStandaloneSupport/UnityEditor.WindowsStandalone.Extensions.dll
Registered in 0.007089 seconds.
- Loaded All Assemblies, in  0.908 seconds
Native extension for WindowsStandalone target not found
[usbmuxd] Start listen thread
[usbmuxd] Listen thread started
Native extension for iOS target not found
Native extension for Android target not found
Android Extension - Scanning For ADB Devices 399 ms
Mono: successfully reloaded assembly
- Finished resetting the current domain, in  0.745 seconds
Domain Reload Profiling: 1653ms
	BeginReloadAssembly (111ms)
		ExecutionOrderSort (0ms)
		DisableScriptedObjects (0ms)
		BackupInstance (0ms)
		ReleaseScriptingObjects (0ms)
		CreateAndSetChildDomain (1ms)
	RebuildCommonClasses (174ms)
	RebuildNativeTypeToScriptingClass (8ms)
	initialDomainReloadingComplete (53ms)
	LoadAllAssembliesAndSetupDomain (561ms)
		LoadAssemblies (109ms)
		RebuildTransferFunctionScriptingTraits (0ms)
		AnalyzeDomain (559ms)
			TypeCache.Refresh (558ms)
				TypeCache.ScanAssembly (541ms)
			ScanForSourceGeneratedMonoScriptInfo (0ms)
			ResolveRequiredComponents (0ms)
	FinalizeReload (746ms)
		ReleaseScriptCaches (0ms)
		RebuildScriptCaches (0ms)
		SetupLoadedEditorAssemblies (704ms)
			LogAssemblyErrors (0ms)
			InitializePlatformSupportModulesInManaged (528ms)
			SetLoadedEditorAssemblies (4ms)
			RefreshPlugins (0ms)
			BeforeProcessingInitializeOnLoad (2ms)
			ProcessInitializeOnLoadAttributes (106ms)
			ProcessInitializeOnLoadMethodAttributes (63ms)
			AfterProcessingInitializeOnLoad (0ms)
			EditorAssembliesLoaded (0ms)
		ExecutionOrderSort2 (0ms)
		AwakeInstancesAfterBackupRestoration (0ms)
========================================================================
Worker process is ready to serve import requests
Caller must complete domain reload
Begin MonoManager ReloadAssembly
- Loaded All Assemblies, in  4.039 seconds
Native extension for WindowsStandalone target not found
Native extension for iOS target not found
Native extension for Android target not found
Mono: successfully reloaded assembly
- Finished resetting the current domain, in  0.883 seconds
Domain Reload Profiling: 4899ms
	BeginReloadAssembly (134ms)
		ExecutionOrderSort (0ms)
		DisableScriptedObjects (4ms)
		BackupInstance (0ms)
		ReleaseScriptingObjects (0ms)
		CreateAndSetChildDomain (20ms)
	RebuildCommonClasses (28ms)
	RebuildNativeTypeToScriptingClass (8ms)
	initialDomainReloadingComplete (38ms)
	LoadAllAssembliesAndSetupDomain (3807ms)
		LoadAssemblies (3538ms)
		RebuildTransferFunctionScriptingTraits (0ms)
		AnalyzeDomain (347ms)
			TypeCache.Refresh (327ms)
				TypeCache.ScanAssembly (265ms)
			ScanForSourceGeneratedMonoScriptInfo (13ms)
			ResolveRequiredComponents (5ms)
	FinalizeReload (883ms)
		ReleaseScriptCaches (0ms)
		RebuildScriptCaches (0ms)
		SetupLoadedEditorAssemblies (757ms)
			LogAssemblyErrors (0ms)
			InitializePlatformSupportModulesInManaged (24ms)
			SetLoadedEditorAssemblies (4ms)
			RefreshPlugins (0ms)
			BeforeProcessingInitializeOnLoad (48ms)
			ProcessInitializeOnLoadAttributes (657ms)
			ProcessInitializeOnLoadMethodAttributes (18ms)
			AfterProcessingInitializeOnLoad (5ms)
			EditorAssembliesLoaded (0ms)
		ExecutionOrderSort2 (0ms)
		AwakeInstancesAfterBackupRestoration (6ms)
Launched and connected shader compiler UnityShaderCompiler.exe after 0.07 seconds
Refreshing native plugins compatible for Editor in 1.82 ms, found 3 plugins.
Preloading 0 native plugins for Editor in 0.00 ms.
Unloading 3104 Unused Serialized files (Serialized files now loaded: 0)
Unloading 19 unused Assets / (54.6 KB). Loaded Objects now: 3574.
Memory consumption went from 124.8 MB to 124.8 MB.
Total: 4.617000 ms (FindLiveObjects: 0.339600 ms CreateObjectMapping: 0.236000 ms MarkObjects: 3.779800 ms  DeleteObjects: 0.258400 ms)

AssetImportParameters requested are different than current active one (requested -> active):
  custom:container-demuxer-ogg: 62fdf1f143b41e24485cea50d1cbac27 -> 
  custom:video-codec-MediaFoundation-h265: 746d11721c4dcdbdad8f713fa42b33f4 -> 
  custom:video-decoder-ogg-theora: a1e56fd34408186e4bbccfd4996cb3dc -> 
  custom:framework-win-MediaFoundation: 216162199b28c13a410421893ffa2e32 -> 
  custom:CustomObjectIndexerAttribute: 9a22284fe3817be447336de3de66b15e -> 
  custom:container-demuxer-webm: 4f35f7cbe854078d1ac9338744f61a02 -> 
  custom:container-muxer-webm: aa71ff27fc2769a1b78a27578f13a17b -> 
  custom:video-decoder-webm-vp8: 9c59270c3fd7afecdb556c50c9e8de78 -> 
  custom:SearchIndexIgnoredProperties: e643bd26f0fe6173181afceb89e7c659 -> 
  custom:AudioImporter_EditorPlatform: d09bf68614088b80899f8185d706f6e7 -> 
  custom:video-encoder-webm-vp8: eb34c28f22e8b96e1ab97ce403110664 -> 
  custom:audio-decoder-ogg-vorbis: bf7c407c2cedff20999df2af8eb42d56 -> 
  custom:audio-encoder-webm-vorbis: bf7c407c2cedff20999df2af8eb42d56 -> 
========================================================================
Received Import Request.
  Time since last request: 2723668.029228 seconds.
  path: Assets/_Game/_Src/kenney_blaster-kit/Overview.html
  artifactKey: Guid(6282e93ece9a2dc47a3ecbb0d6cb6088) Importer(815301076,1909f56bfc062723c751e8b465ee728b)
Start importing Assets/_Game/_Src/kenney_blaster-kit/Overview.html using Guid(6282e93ece9a2dc47a3ecbb0d6cb6088) Importer(815301076,1909f56bfc062723c751e8b465ee728b) [PhysX] Initialized MultithreadedTaskDispatcher with 12 workers.
 -> (artifact id: '3203ac18cea03d4a758e5efbef151275') in 0.013806 seconds
Number of updated asset objects reloaded before import = 0
Number of asset objects unloaded after import = 1
========================================================================
Received Import Request.
  Time since last request: 1120.402732 seconds.
  path: Assets/_Game/Scripts/Manager/GameManager.cs
  artifactKey: Guid(417557dc6382fbe4685ec38d19700916) Importer(815301076,1909f56bfc062723c751e8b465ee728b)
Start importing Assets/_Game/Scripts/Manager/GameManager.cs using Guid(417557dc6382fbe4685ec38d19700916) Importer(815301076,1909f56bfc062723c751e8b465ee728b) [PhysX] Initialized MultithreadedTaskDispatcher with 12 workers.
 -> (artifact id: 'e9ab8e430c486725bf5089bf1c51ec67') in 0.000772 seconds
Number of updated asset objects reloaded before import = 0
Number of asset objects unloaded after import = 0
========================================================================
Received Prepare
Caller must complete domain reload
Begin MonoManager ReloadAssembly
- Loaded All Assemblies, in  0.579 seconds
Native extension for WindowsStandalone target not found
Native extension for iOS target not found
Native extension for Android target not found
Mono: successfully reloaded assembly
- Finished resetting the current domain, in 27.418 seconds
Domain Reload Profiling: 27996ms
	BeginReloadAssembly (204ms)
		ExecutionOrderSort (0ms)
		DisableScriptedObjects (4ms)
		BackupInstance (0ms)
		ReleaseScriptingObjects (0ms)
		CreateAndSetChildDomain (50ms)
	RebuildCommonClasses (35ms)
	RebuildNativeTypeToScriptingClass (9ms)
	initialDomainReloadingComplete (28ms)
	LoadAllAssembliesAndSetupDomain (302ms)
		LoadAssemblies (370ms)
		RebuildTransferFunctionScriptingTraits (0ms)
		AnalyzeDomain (29ms)
			TypeCache.Refresh (12ms)
				TypeCache.ScanAssembly (0ms)
			ScanForSourceGeneratedMonoScriptInfo (9ms)
			ResolveRequiredComponents (7ms)
	FinalizeReload (27419ms)
		ReleaseScriptCaches (0ms)
		RebuildScriptCaches (0ms)
		SetupLoadedEditorAssemblies (447ms)
			LogAssemblyErrors (0ms)
			InitializePlatformSupportModulesInManaged (32ms)
			SetLoadedEditorAssemblies (7ms)
			RefreshPlugins (0ms)
			BeforeProcessingInitializeOnLoad (57ms)
			ProcessInitializeOnLoadAttributes (323ms)
			ProcessInitializeOnLoadMethodAttributes (23ms)
			AfterProcessingInitializeOnLoad (4ms)
			EditorAssembliesLoaded (0ms)
		ExecutionOrderSort2 (0ms)
		AwakeInstancesAfterBackupRestoration (6ms)
Refreshing native plugins compatible for Editor in 2.42 ms, found 3 plugins.
Preloading 0 native plugins for Editor in 0.00 ms.
Unloading 3096 Unused Serialized files (Serialized files now loaded: 0)
Unloading 14 unused Assets / (28.5 KB). Loaded Objects now: 3579.
Memory consumption went from 123.2 MB to 123.1 MB.
Total: 3.057400 ms (FindLiveObjects: 0.232700 ms CreateObjectMapping: 0.148200 ms MarkObjects: 2.614600 ms  DeleteObjects: 0.060800 ms)

Prepare: number of updated asset objects reloaded= 0
AssetImportParameters requested are different than current active one (requested -> active):
  custom:container-demuxer-ogg: 62fdf1f143b41e24485cea50d1cbac27 -> 
  custom:scripting/monoscript/fileName/GameManager.cs: 9933fbcc6190e2a9171c2ec8808a053e -> 
  custom:video-codec-MediaFoundation-h265: 746d11721c4dcdbdad8f713fa42b33f4 -> 
  custom:video-decoder-ogg-theora: a1e56fd34408186e4bbccfd4996cb3dc -> 
  custom:framework-win-MediaFoundation: 216162199b28c13a410421893ffa2e32 -> 
  custom:CustomObjectIndexerAttribute: 9a22284fe3817be447336de3de66b15e -> 
  custom:container-demuxer-webm: 4f35f7cbe854078d1ac9338744f61a02 -> 
  custom:container-muxer-webm: aa71ff27fc2769a1b78a27578f13a17b -> 
  custom:video-decoder-webm-vp8: 9c59270c3fd7afecdb556c50c9e8de78 -> 
  custom:SearchIndexIgnoredProperties: e643bd26f0fe6173181afceb89e7c659 -> 
  custom:AudioImporter_EditorPlatform: d09bf68614088b80899f8185d706f6e7 -> 
  custom:video-encoder-webm-vp8: eb34c28f22e8b96e1ab97ce403110664 -> 
  custom:audio-decoder-ogg-vorbis: bf7c407c2cedff20999df2af8eb42d56 -> 
  custom:audio-encoder-webm-vorbis: bf7c407c2cedff20999df2af8eb42d56 -> 
  custom:scripting/precompiled-assembly-types:Assembly-CSharp: 9fc3fcfa344f32691c4e823801277486 -> eefdc30cefcd6aec351b7469deda4968
========================================================================
Received Import Request.
  Time since last request: 59.979742 seconds.
  path: Assets/_Game/Scripts/Manager/GameManager.cs
  artifactKey: Guid(417557dc6382fbe4685ec38d19700916) Importer(815301076,1909f56bfc062723c751e8b465ee728b)
Start importing Assets/_Game/Scripts/Manager/GameManager.cs using Guid(417557dc6382fbe4685ec38d19700916) Importer(815301076,1909f56bfc062723c751e8b465ee728b) [PhysX] Initialized MultithreadedTaskDispatcher with 12 workers.
 -> (artifact id: '3e42517701125a9c0bf3e16d32f0eaaf') in 0.001802 seconds
Number of updated asset objects reloaded before import = 0
Number of asset objects unloaded after import = 0
========================================================================
Received Import Request.
  Time since last request: 4.190573 seconds.
  path: Assets/_Game/Scripts/Manager/GameManager.cs
  artifactKey: Guid(417557dc6382fbe4685ec38d19700916) Importer(815301076,1909f56bfc062723c751e8b465ee728b)
Start importing Assets/_Game/Scripts/Manager/GameManager.cs using Guid(417557dc6382fbe4685ec38d19700916) Importer(815301076,1909f56bfc062723c751e8b465ee728b) [PhysX] Initialized MultithreadedTaskDispatcher with 12 workers.
 -> (artifact id: 'e272ebd7e359e440c317de876dd5b97a') in 0.000701 seconds
Number of updated asset objects reloaded before import = 0
Number of asset objects unloaded after import = 0
========================================================================
Received Prepare
Caller must complete domain reload
Begin MonoManager ReloadAssembly
- Loaded All Assemblies, in  0.341 seconds
Native extension for WindowsStandalone target not found
Native extension for iOS target not found
Native extension for Android target not found
Mono: successfully reloaded assembly
- Finished resetting the current domain, in  0.579 seconds
Domain Reload Profiling: 919ms
	BeginReloadAssembly (128ms)
		ExecutionOrderSort (0ms)
		DisableScriptedObjects (4ms)
		BackupInstance (0ms)
		ReleaseScriptingObjects (0ms)
		CreateAndSetChildDomain (29ms)
	RebuildCommonClasses (23ms)
	RebuildNativeTypeToScriptingClass (8ms)
	initialDomainReloadingComplete (19ms)
	LoadAllAssembliesAndSetupDomain (162ms)
		LoadAssemblies (208ms)
		RebuildTransferFunctionScriptingTraits (0ms)
		AnalyzeDomain (21ms)
			TypeCache.Refresh (8ms)
				TypeCache.ScanAssembly (0ms)
			ScanForSourceGeneratedMonoScriptInfo (7ms)
			ResolveRequiredComponents (4ms)
	FinalizeReload (579ms)
		ReleaseScriptCaches (0ms)
		RebuildScriptCaches (0ms)
		SetupLoadedEditorAssemblies (331ms)
			LogAssemblyErrors (0ms)
			InitializePlatformSupportModulesInManaged (19ms)
			SetLoadedEditorAssemblies (4ms)
			RefreshPlugins (0ms)
			BeforeProcessingInitializeOnLoad (56ms)
			ProcessInitializeOnLoadAttributes (234ms)
			ProcessInitializeOnLoadMethodAttributes (15ms)
			AfterProcessingInitializeOnLoad (3ms)
			EditorAssembliesLoaded (0ms)
		ExecutionOrderSort2 (0ms)
		AwakeInstancesAfterBackupRestoration (5ms)
Refreshing native plugins compatible for Editor in 1.35 ms, found 3 plugins.
Preloading 0 native plugins for Editor in 0.00 ms.
Unloading 3096 Unused Serialized files (Serialized files now loaded: 0)
Unloading 14 unused Assets / (28.5 KB). Loaded Objects now: 3582.
Memory consumption went from 123.2 MB to 123.1 MB.
Total: 1.915700 ms (FindLiveObjects: 0.155500 ms CreateObjectMapping: 0.064200 ms MarkObjects: 1.663600 ms  DeleteObjects: 0.031500 ms)

Prepare: number of updated asset objects reloaded= 0
AssetImportParameters requested are different than current active one (requested -> active):
  custom:container-demuxer-ogg: 62fdf1f143b41e24485cea50d1cbac27 -> 
  custom:scripting/monoscript/fileName/GameManager.cs: 9933fbcc6190e2a9171c2ec8808a053e -> 
  custom:video-codec-MediaFoundation-h265: 746d11721c4dcdbdad8f713fa42b33f4 -> 
  custom:video-decoder-ogg-theora: a1e56fd34408186e4bbccfd4996cb3dc -> 
  custom:framework-win-MediaFoundation: 216162199b28c13a410421893ffa2e32 -> 
  custom:CustomObjectIndexerAttribute: 9a22284fe3817be447336de3de66b15e -> 
  custom:container-demuxer-webm: 4f35f7cbe854078d1ac9338744f61a02 -> 
  custom:container-muxer-webm: aa71ff27fc2769a1b78a27578f13a17b -> 
  custom:video-decoder-webm-vp8: 9c59270c3fd7afecdb556c50c9e8de78 -> 
  custom:SearchIndexIgnoredProperties: e643bd26f0fe6173181afceb89e7c659 -> 
  custom:AudioImporter_EditorPlatform: d09bf68614088b80899f8185d706f6e7 -> 
  custom:video-encoder-webm-vp8: eb34c28f22e8b96e1ab97ce403110664 -> 
  custom:audio-decoder-ogg-vorbis: bf7c407c2cedff20999df2af8eb42d56 -> 
  custom:audio-encoder-webm-vorbis: bf7c407c2cedff20999df2af8eb42d56 -> 
  custom:scripting/precompiled-assembly-types:Assembly-CSharp: 74e6e8893731d81c527ca965e5d9f60c -> eefdc30cefcd6aec351b7469deda4968
========================================================================
Received Import Request.
  Time since last request: 171.107041 seconds.
  path: Assets/_Game/Scripts/Manager/LevelManager.cs
  artifactKey: Guid(5b27f44abcde42d498054808998a3383) Importer(815301076,1909f56bfc062723c751e8b465ee728b)
Start importing Assets/_Game/Scripts/Manager/LevelManager.cs using Guid(5b27f44abcde42d498054808998a3383) Importer(815301076,1909f56bfc062723c751e8b465ee728b) [PhysX] Initialized MultithreadedTaskDispatcher with 12 workers.
 -> (artifact id: '52fe9df4108d784b0a850316026c9efb') in 0.003429 seconds
Number of updated asset objects reloaded before import = 0
Number of asset objects unloaded after import = 0
========================================================================
Received Import Request.
  Time since last request: 116.943826 seconds.
  path: Assets/_Game/Scripts/Gameplay/Character.cs
  artifactKey: Guid(f7c5714e8d4f03d449bb6d2e22c8e074) Importer(815301076,1909f56bfc062723c751e8b465ee728b)
Start importing Assets/_Game/Scripts/Gameplay/Character.cs using Guid(f7c5714e8d4f03d449bb6d2e22c8e074) Importer(815301076,1909f56bfc062723c751e8b465ee728b) [PhysX] Initialized MultithreadedTaskDispatcher with 12 workers.
 -> (artifact id: '510e739c19094307eaa4ce4782a1c8e6') in 0.000808 seconds
Number of updated asset objects reloaded before import = 0
Number of asset objects unloaded after import = 0
========================================================================
Received Import Request.
  Time since last request: 16.920762 seconds.
  path: Assets/_Game/Scripts/Gameplay/CharacterBase.cs
  artifactKey: Guid(f7c5714e8d4f03d449bb6d2e22c8e074) Importer(815301076,1909f56bfc062723c751e8b465ee728b)
Start importing Assets/_Game/Scripts/Gameplay/CharacterBase.cs using Guid(f7c5714e8d4f03d449bb6d2e22c8e074) Importer(815301076,1909f56bfc062723c751e8b465ee728b) [PhysX] Initialized MultithreadedTaskDispatcher with 12 workers.
 -> (artifact id: 'fbdf5f6cb3b17e7bb9ef04338d60c36c') in 0.000660 seconds
Number of updated asset objects reloaded before import = 0
Number of asset objects unloaded after import = 0
========================================================================
Received Import Request.
  Time since last request: 1.667406 seconds.
  path: Assets/_Game/Scripts/Gameplay/CharacterBase.cs
  artifactKey: Guid(f7c5714e8d4f03d449bb6d2e22c8e074) Importer(815301076,1909f56bfc062723c751e8b465ee728b)
Start importing Assets/_Game/Scripts/Gameplay/CharacterBase.cs using Guid(f7c5714e8d4f03d449bb6d2e22c8e074) Importer(815301076,1909f56bfc062723c751e8b465ee728b) [PhysX] Initialized MultithreadedTaskDispatcher with 12 workers.
 -> (artifact id: '73b1daeca8e0cb76a5c3c698294848b7') in 0.000750 seconds
Number of updated asset objects reloaded before import = 0
Number of asset objects unloaded after import = 0
========================================================================
Received Import Request.
  Time since last request: 17.421879 seconds.
  path: Assets/_Game/Scripts/Gameplay/Hero.cs
  artifactKey: Guid(f2fe70d1c94653447acf053d00901e67) Importer(815301076,1909f56bfc062723c751e8b465ee728b)
Start importing Assets/_Game/Scripts/Gameplay/Hero.cs using Guid(f2fe70d1c94653447acf053d00901e67) Importer(815301076,1909f56bfc062723c751e8b465ee728b) [PhysX] Initialized MultithreadedTaskDispatcher with 12 workers.
 -> (artifact id: 'ba0e7446bd754985a85a8b3e3d2a5ee3') in 0.000468 seconds
Number of updated asset objects reloaded before import = 0
Number of asset objects unloaded after import = 0
========================================================================
Received Import Request.
  Time since last request: 8.061064 seconds.
  path: Assets/_Game/Scripts/Gameplay/Zombie.cs
  artifactKey: Guid(916e2a1b4b0be674d8b0a327494ff0f8) Importer(815301076,1909f56bfc062723c751e8b465ee728b)
Start importing Assets/_Game/Scripts/Gameplay/Zombie.cs using Guid(916e2a1b4b0be674d8b0a327494ff0f8) Importer(815301076,1909f56bfc062723c751e8b465ee728b) [PhysX] Initialized MultithreadedTaskDispatcher with 12 workers.
 -> (artifact id: '285457db9fa029d18f41f62e86887568') in 0.000619 seconds
Number of updated asset objects reloaded before import = 0
Number of asset objects unloaded after import = 0
========================================================================
Received Import Request.
  Time since last request: 11.845425 seconds.
  path: Assets/_Game/Scripts/Gameplay/GunBase.cs
  artifactKey: Guid(8e0eebf7fc8dbc645be0634bfcc9e99c) Importer(815301076,1909f56bfc062723c751e8b465ee728b)
Start importing Assets/_Game/Scripts/Gameplay/GunBase.cs using Guid(8e0eebf7fc8dbc645be0634bfcc9e99c) Importer(815301076,1909f56bfc062723c751e8b465ee728b) [PhysX] Initialized MultithreadedTaskDispatcher with 12 workers.
 -> (artifact id: '80765d3a843ed05d9509ad9631a8b155') in 0.000516 seconds
Number of updated asset objects reloaded before import = 0
Number of asset objects unloaded after import = 0
========================================================================
Received Import Request.
  Time since last request: 50.544194 seconds.
  path: Assets/_Game/Scripts/Gameplay/WeaponBase.cs
  artifactKey: Guid(8e0eebf7fc8dbc645be0634bfcc9e99c) Importer(815301076,1909f56bfc062723c751e8b465ee728b)
Start importing Assets/_Game/Scripts/Gameplay/WeaponBase.cs using Guid(8e0eebf7fc8dbc645be0634bfcc9e99c) Importer(815301076,1909f56bfc062723c751e8b465ee728b) [PhysX] Initialized MultithreadedTaskDispatcher with 12 workers.
 -> (artifact id: '428d598fa20f255fc65512981753c278') in 0.000790 seconds
Number of updated asset objects reloaded before import = 0
Number of asset objects unloaded after import = 0
========================================================================
Received Import Request.
  Time since last request: 0.906164 seconds.
  path: Assets/_Game/Scripts/Gameplay/WeaponBase.cs
  artifactKey: Guid(8e0eebf7fc8dbc645be0634bfcc9e99c) Importer(815301076,1909f56bfc062723c751e8b465ee728b)
Start importing Assets/_Game/Scripts/Gameplay/WeaponBase.cs using Guid(8e0eebf7fc8dbc645be0634bfcc9e99c) Importer(815301076,1909f56bfc062723c751e8b465ee728b) [PhysX] Initialized MultithreadedTaskDispatcher with 12 workers.
 -> (artifact id: 'e6431a77156008033dd02d1001c32eed') in 0.000909 seconds
Number of updated asset objects reloaded before import = 0
Number of asset objects unloaded after import = 0
========================================================================
Received Import Request.
  Time since last request: 25.180711 seconds.
  path: Assets/_Game/Scripts/Gameplay/WeaponBase.cs
  artifactKey: Guid(8e0eebf7fc8dbc645be0634bfcc9e99c) Importer(815301076,1909f56bfc062723c751e8b465ee728b)
Start importing Assets/_Game/Scripts/Gameplay/WeaponBase.cs using Guid(8e0eebf7fc8dbc645be0634bfcc9e99c) Importer(815301076,1909f56bfc062723c751e8b465ee728b) [PhysX] Initialized MultithreadedTaskDispatcher with 12 workers.
 -> (artifact id: '059c294ec1018a78fca69460d05a5b62') in 0.000552 seconds
Number of updated asset objects reloaded before import = 0
Number of asset objects unloaded after import = 0
========================================================================
Received Import Request.
  Time since last request: 3.349252 seconds.
  path: Assets/_Game/Scripts/Gameplay/WeaponBase.cs
  artifactKey: Guid(8e0eebf7fc8dbc645be0634bfcc9e99c) Importer(815301076,1909f56bfc062723c751e8b465ee728b)
Start importing Assets/_Game/Scripts/Gameplay/WeaponBase.cs using Guid(8e0eebf7fc8dbc645be0634bfcc9e99c) Importer(815301076,1909f56bfc062723c751e8b465ee728b) [PhysX] Initialized MultithreadedTaskDispatcher with 12 workers.
 -> (artifact id: 'bbfab648f69a94cac173d4d867fec30a') in 0.000652 seconds
Number of updated asset objects reloaded before import = 0
Number of asset objects unloaded after import = 0
========================================================================
Received Import Request.
  Time since last request: 5.313995 seconds.
  path: Assets/_Game/Scripts/Gameplay/WeaponBase.cs
  artifactKey: Guid(8e0eebf7fc8dbc645be0634bfcc9e99c) Importer(815301076,1909f56bfc062723c751e8b465ee728b)
Start importing Assets/_Game/Scripts/Gameplay/WeaponBase.cs using Guid(8e0eebf7fc8dbc645be0634bfcc9e99c) Importer(815301076,1909f56bfc062723c751e8b465ee728b) [PhysX] Initialized MultithreadedTaskDispatcher with 12 workers.
 -> (artifact id: 'd7c7c2213531642afbb68be84e10aa10') in 0.000432 seconds
Number of updated asset objects reloaded before import = 0
Number of asset objects unloaded after import = 0
========================================================================
Received Import Request.
  Time since last request: 4.323525 seconds.
  path: Assets/_Game/Scripts/Gameplay/WeaponBase.cs
  artifactKey: Guid(8e0eebf7fc8dbc645be0634bfcc9e99c) Importer(815301076,1909f56bfc062723c751e8b465ee728b)
Start importing Assets/_Game/Scripts/Gameplay/WeaponBase.cs using Guid(8e0eebf7fc8dbc645be0634bfcc9e99c) Importer(815301076,1909f56bfc062723c751e8b465ee728b) [PhysX] Initialized MultithreadedTaskDispatcher with 12 workers.
 -> (artifact id: '967356c31977ff3fac3f9b2f96b49df3') in 0.000982 seconds
Number of updated asset objects reloaded before import = 0
Number of asset objects unloaded after import = 0
========================================================================
Received Import Request.
  Time since last request: 1.792880 seconds.
  path: Assets/_Game/Scripts/Gameplay/WeaponBase.cs
  artifactKey: Guid(8e0eebf7fc8dbc645be0634bfcc9e99c) Importer(815301076,1909f56bfc062723c751e8b465ee728b)
Start importing Assets/_Game/Scripts/Gameplay/WeaponBase.cs using Guid(8e0eebf7fc8dbc645be0634bfcc9e99c) Importer(815301076,1909f56bfc062723c751e8b465ee728b) [PhysX] Initialized MultithreadedTaskDispatcher with 12 workers.
 -> (artifact id: 'f6d4bd9f8301b1f9ad3922e195b09797') in 0.000826 seconds
Number of updated asset objects reloaded before import = 0
Number of asset objects unloaded after import = 0
========================================================================
Received Import Request.
  Time since last request: 11.042699 seconds.
  path: Assets/_Game/Scripts/Gameplay/WeaponBase.cs
  artifactKey: Guid(8e0eebf7fc8dbc645be0634bfcc9e99c) Importer(815301076,1909f56bfc062723c751e8b465ee728b)
Start importing Assets/_Game/Scripts/Gameplay/WeaponBase.cs using Guid(8e0eebf7fc8dbc645be0634bfcc9e99c) Importer(815301076,1909f56bfc062723c751e8b465ee728b) [PhysX] Initialized MultithreadedTaskDispatcher with 12 workers.
 -> (artifact id: '979a66d17318f8bad8de33bf5f9ffa7f') in 0.000592 seconds
Number of updated asset objects reloaded before import = 0
Number of asset objects unloaded after import = 0
========================================================================
Received Import Request.
  Time since last request: 27.907116 seconds.
  path: Assets/_Game/Scripts/Gameplay/Pistol.cs
  artifactKey: Guid(9e1b06c0b707d964aa54abf2a5495e3b) Importer(815301076,1909f56bfc062723c751e8b465ee728b)
Start importing Assets/_Game/Scripts/Gameplay/Pistol.cs using Guid(9e1b06c0b707d964aa54abf2a5495e3b) Importer(815301076,1909f56bfc062723c751e8b465ee728b) [PhysX] Initialized MultithreadedTaskDispatcher with 12 workers.
 -> (artifact id: '562a2b62d0f6fd904a024e89af4aee4c') in 0.000519 seconds
Number of updated asset objects reloaded before import = 0
Number of asset objects unloaded after import = 0
========================================================================
Received Import Request.
  Time since last request: 11.942795 seconds.
  path: Assets/_Game/Scripts/Gameplay/Pistol.cs
  artifactKey: Guid(9e1b06c0b707d964aa54abf2a5495e3b) Importer(815301076,1909f56bfc062723c751e8b465ee728b)
Start importing Assets/_Game/Scripts/Gameplay/Pistol.cs using Guid(9e1b06c0b707d964aa54abf2a5495e3b) Importer(815301076,1909f56bfc062723c751e8b465ee728b) [PhysX] Initialized MultithreadedTaskDispatcher with 12 workers.
 -> (artifact id: '1a68c26b315668769c9f85910e877167') in 0.000544 seconds
Number of updated asset objects reloaded before import = 0
Number of asset objects unloaded after import = 0
========================================================================
Received Import Request.
  Time since last request: 15.562939 seconds.
  path: Assets/_Game/Scripts/Gameplay/Pistol.cs
  artifactKey: Guid(9e1b06c0b707d964aa54abf2a5495e3b) Importer(815301076,1909f56bfc062723c751e8b465ee728b)
Start importing Assets/_Game/Scripts/Gameplay/Pistol.cs using Guid(9e1b06c0b707d964aa54abf2a5495e3b) Importer(815301076,1909f56bfc062723c751e8b465ee728b) [PhysX] Initialized MultithreadedTaskDispatcher with 12 workers.
 -> (artifact id: 'c405e805cbaea01b0672e76141c3151f') in 0.000407 seconds
Number of updated asset objects reloaded before import = 0
Number of asset objects unloaded after import = 0
========================================================================
Received Import Request.
  Time since last request: 8.519630 seconds.
  path: Assets/_Game/Scripts/Gameplay/Pistol.cs
  artifactKey: Guid(9e1b06c0b707d964aa54abf2a5495e3b) Importer(815301076,1909f56bfc062723c751e8b465ee728b)
Start importing Assets/_Game/Scripts/Gameplay/Pistol.cs using Guid(9e1b06c0b707d964aa54abf2a5495e3b) Importer(815301076,1909f56bfc062723c751e8b465ee728b) [PhysX] Initialized MultithreadedTaskDispatcher with 12 workers.
 -> (artifact id: '156afa89332ae1ec393b8b41dc2a2676') in 0.000602 seconds
Number of updated asset objects reloaded before import = 0
Number of asset objects unloaded after import = 0
========================================================================
Received Import Request.
  Time since last request: 4.612997 seconds.
  path: Assets/_Game/Scripts/Gameplay/Pistol.cs
  artifactKey: Guid(9e1b06c0b707d964aa54abf2a5495e3b) Importer(815301076,1909f56bfc062723c751e8b465ee728b)
Start importing Assets/_Game/Scripts/Gameplay/Pistol.cs using Guid(9e1b06c0b707d964aa54abf2a5495e3b) Importer(815301076,1909f56bfc062723c751e8b465ee728b) [PhysX] Initialized MultithreadedTaskDispatcher with 12 workers.
 -> (artifact id: '28ebc491b93afed98802b63244d012a2') in 0.000400 seconds
Number of updated asset objects reloaded before import = 0
Number of asset objects unloaded after import = 0
========================================================================
Received Import Request.
  Time since last request: 5.127705 seconds.
  path: Assets/_Game/Scripts/Gameplay/Pistol.cs
  artifactKey: Guid(9e1b06c0b707d964aa54abf2a5495e3b) Importer(815301076,1909f56bfc062723c751e8b465ee728b)
Start importing Assets/_Game/Scripts/Gameplay/Pistol.cs using Guid(9e1b06c0b707d964aa54abf2a5495e3b) Importer(815301076,1909f56bfc062723c751e8b465ee728b) [PhysX] Initialized MultithreadedTaskDispatcher with 12 workers.
 -> (artifact id: 'e11a332b2bb302675ea39b242c28a43e') in 0.000501 seconds
Number of updated asset objects reloaded before import = 0
Number of asset objects unloaded after import = 0
========================================================================
Received Import Request.
  Time since last request: 8.941542 seconds.
  path: Assets/_Game/Scripts/Gameplay/Pistol.cs
  artifactKey: Guid(9e1b06c0b707d964aa54abf2a5495e3b) Importer(815301076,1909f56bfc062723c751e8b465ee728b)
Start importing Assets/_Game/Scripts/Gameplay/Pistol.cs using Guid(9e1b06c0b707d964aa54abf2a5495e3b) Importer(815301076,1909f56bfc062723c751e8b465ee728b) [PhysX] Initialized MultithreadedTaskDispatcher with 12 workers.
 -> (artifact id: 'e8d0cf015fa255970c0888450144cec6') in 0.000407 seconds
Number of updated asset objects reloaded before import = 0
Number of asset objects unloaded after import = 0
========================================================================
Received Import Request.
  Time since last request: 28.783387 seconds.
  path: Assets/_Game/Scripts/Gameplay/Pistol.cs
  artifactKey: Guid(9e1b06c0b707d964aa54abf2a5495e3b) Importer(815301076,1909f56bfc062723c751e8b465ee728b)
Start importing Assets/_Game/Scripts/Gameplay/Pistol.cs using Guid(9e1b06c0b707d964aa54abf2a5495e3b) Importer(815301076,1909f56bfc062723c751e8b465ee728b) [PhysX] Initialized MultithreadedTaskDispatcher with 12 workers.
 -> (artifact id: 'a529071072955505e4ca1c6e98217b7f') in 0.000416 seconds
Number of updated asset objects reloaded before import = 0
Number of asset objects unloaded after import = 0
========================================================================
Received Import Request.
  Time since last request: 18.564986 seconds.
  path: Assets/_Game/Scripts/Gameplay/Balde.cs
  artifactKey: Guid(5fb894c47e0925444b2fd230f477d34b) Importer(815301076,1909f56bfc062723c751e8b465ee728b)
Start importing Assets/_Game/Scripts/Gameplay/Balde.cs using Guid(5fb894c47e0925444b2fd230f477d34b) Importer(815301076,1909f56bfc062723c751e8b465ee728b) [PhysX] Initialized MultithreadedTaskDispatcher with 12 workers.
 -> (artifact id: '121e50928c81afeef67bc4e1d23618a7') in 0.000514 seconds
Number of updated asset objects reloaded before import = 0
Number of asset objects unloaded after import = 0
========================================================================
Received Import Request.
  Time since last request: 11.695709 seconds.
  path: Assets/_Game/Scripts/Gameplay/Balde.cs
  artifactKey: Guid(5fb894c47e0925444b2fd230f477d34b) Importer(815301076,1909f56bfc062723c751e8b465ee728b)
Start importing Assets/_Game/Scripts/Gameplay/Balde.cs using Guid(5fb894c47e0925444b2fd230f477d34b) Importer(815301076,1909f56bfc062723c751e8b465ee728b) [PhysX] Initialized MultithreadedTaskDispatcher with 12 workers.
 -> (artifact id: '780c23f0fbf4fbbb16a5a83ac1378ff7') in 0.001505 seconds
Number of updated asset objects reloaded before import = 0
Number of asset objects unloaded after import = 0
========================================================================
Received Import Request.
  Time since last request: 18.725098 seconds.
  path: Assets/_Game/Scripts/Gameplay/Balde.cs
  artifactKey: Guid(5fb894c47e0925444b2fd230f477d34b) Importer(815301076,1909f56bfc062723c751e8b465ee728b)
Start importing Assets/_Game/Scripts/Gameplay/Balde.cs using Guid(5fb894c47e0925444b2fd230f477d34b) Importer(815301076,1909f56bfc062723c751e8b465ee728b) [PhysX] Initialized MultithreadedTaskDispatcher with 12 workers.
 -> (artifact id: 'ebd37fa5714764037109fac61e6b82e6') in 0.001387 seconds
Number of updated asset objects reloaded before import = 0
Number of asset objects unloaded after import = 0
========================================================================
Received Import Request.
  Time since last request: 7.750780 seconds.
  path: Assets/_Game/Scripts/Gameplay/Balde.cs
  artifactKey: Guid(5fb894c47e0925444b2fd230f477d34b) Importer(815301076,1909f56bfc062723c751e8b465ee728b)
Start importing Assets/_Game/Scripts/Gameplay/Balde.cs using Guid(5fb894c47e0925444b2fd230f477d34b) Importer(815301076,1909f56bfc062723c751e8b465ee728b) [PhysX] Initialized MultithreadedTaskDispatcher with 12 workers.
 -> (artifact id: '97e9a04812b9cf552428ef672ddbabac') in 0.000549 seconds
Number of updated asset objects reloaded before import = 0
Number of asset objects unloaded after import = 0
========================================================================
Received Import Request.
  Time since last request: 5.137194 seconds.
  path: Assets/_Game/Scripts/Gameplay/Balde.cs
  artifactKey: Guid(5fb894c47e0925444b2fd230f477d34b) Importer(815301076,1909f56bfc062723c751e8b465ee728b)
Start importing Assets/_Game/Scripts/Gameplay/Balde.cs using Guid(5fb894c47e0925444b2fd230f477d34b) Importer(815301076,1909f56bfc062723c751e8b465ee728b) [PhysX] Initialized MultithreadedTaskDispatcher with 12 workers.
 -> (artifact id: 'f8d0089702e79a6a7c7dd696b35d09f6') in 0.001741 seconds
Number of updated asset objects reloaded before import = 0
Number of asset objects unloaded after import = 0
========================================================================
Received Import Request.
  Time since last request: 29.141609 seconds.
  path: Assets/_Game/Scripts/Gameplay/Balde.cs
  artifactKey: Guid(5fb894c47e0925444b2fd230f477d34b) Importer(815301076,1909f56bfc062723c751e8b465ee728b)
Start importing Assets/_Game/Scripts/Gameplay/Balde.cs using Guid(5fb894c47e0925444b2fd230f477d34b) Importer(815301076,1909f56bfc062723c751e8b465ee728b) [PhysX] Initialized MultithreadedTaskDispatcher with 12 workers.
 -> (artifact id: '0f2ac296deb1e8ed7d0bb837bb0ff92e') in 0.000878 seconds
Number of updated asset objects reloaded before import = 0
Number of asset objects unloaded after import = 0
========================================================================
Received Import Request.
  Time since last request: 53.677451 seconds.
  path: Assets/_Game/Scripts/Gameplay/Balde.cs
  artifactKey: Guid(5fb894c47e0925444b2fd230f477d34b) Importer(815301076,1909f56bfc062723c751e8b465ee728b)
Start importing Assets/_Game/Scripts/Gameplay/Balde.cs using Guid(5fb894c47e0925444b2fd230f477d34b) Importer(815301076,1909f56bfc062723c751e8b465ee728b) [PhysX] Initialized MultithreadedTaskDispatcher with 12 workers.
 -> (artifact id: '4374f5b8e520f8f29bd04f0cc832e83a') in 0.000497 seconds
Number of updated asset objects reloaded before import = 0
Number of asset objects unloaded after import = 0
========================================================================
Received Import Request.
  Time since last request: 59.553131 seconds.
  path: Assets/_Game/Scripts/Gameplay/GunBase.cs
  artifactKey: Guid(4cc1f91ffd9c1ee4f862c0b3352ddc14) Importer(815301076,1909f56bfc062723c751e8b465ee728b)
Start importing Assets/_Game/Scripts/Gameplay/GunBase.cs using Guid(4cc1f91ffd9c1ee4f862c0b3352ddc14) Importer(815301076,1909f56bfc062723c751e8b465ee728b) [PhysX] Initialized MultithreadedTaskDispatcher with 12 workers.
 -> (artifact id: '638dc6fc8bd9a35ff167016d52d5a9dd') in 0.000715 seconds
Number of updated asset objects reloaded before import = 0
Number of asset objects unloaded after import = 0
========================================================================
Received Import Request.
  Time since last request: 6.819374 seconds.
  path: Assets/_Game/Scripts/Gameplay/GunBase.cs
  artifactKey: Guid(4cc1f91ffd9c1ee4f862c0b3352ddc14) Importer(815301076,1909f56bfc062723c751e8b465ee728b)
Start importing Assets/_Game/Scripts/Gameplay/GunBase.cs using Guid(4cc1f91ffd9c1ee4f862c0b3352ddc14) Importer(815301076,1909f56bfc062723c751e8b465ee728b) [PhysX] Initialized MultithreadedTaskDispatcher with 12 workers.
 -> (artifact id: '645dde95eaf26e3f0bd68a26bc8adad0') in 0.000572 seconds
Number of updated asset objects reloaded before import = 0
Number of asset objects unloaded after import = 0
========================================================================
Received Import Request.
  Time since last request: 8.105317 seconds.
  path: Assets/_Game/Scripts/Gameplay/GunBase.cs
  artifactKey: Guid(4cc1f91ffd9c1ee4f862c0b3352ddc14) Importer(815301076,1909f56bfc062723c751e8b465ee728b)
Start importing Assets/_Game/Scripts/Gameplay/GunBase.cs using Guid(4cc1f91ffd9c1ee4f862c0b3352ddc14) Importer(815301076,1909f56bfc062723c751e8b465ee728b) [PhysX] Initialized MultithreadedTaskDispatcher with 12 workers.
 -> (artifact id: '2c7bde7e3ed78ee562ec5468610bfac8') in 0.000770 seconds
Number of updated asset objects reloaded before import = 0
Number of asset objects unloaded after import = 0
========================================================================
Received Import Request.
  Time since last request: 20.374442 seconds.
  path: Assets/_Game/Scripts/Gameplay/GunBase.cs
  artifactKey: Guid(4cc1f91ffd9c1ee4f862c0b3352ddc14) Importer(815301076,1909f56bfc062723c751e8b465ee728b)
Start importing Assets/_Game/Scripts/Gameplay/GunBase.cs using Guid(4cc1f91ffd9c1ee4f862c0b3352ddc14) Importer(815301076,1909f56bfc062723c751e8b465ee728b) [PhysX] Initialized MultithreadedTaskDispatcher with 12 workers.
 -> (artifact id: '2d46aca2c5c86d1c0977a22c8cb32a1f') in 0.000674 seconds
Number of updated asset objects reloaded before import = 0
Number of asset objects unloaded after import = 0
========================================================================
Received Import Request.
  Time since last request: 4.701621 seconds.
  path: Assets/_Game/Scripts/Gameplay/GunBase.cs
  artifactKey: Guid(4cc1f91ffd9c1ee4f862c0b3352ddc14) Importer(815301076,1909f56bfc062723c751e8b465ee728b)
Start importing Assets/_Game/Scripts/Gameplay/GunBase.cs using Guid(4cc1f91ffd9c1ee4f862c0b3352ddc14) Importer(815301076,1909f56bfc062723c751e8b465ee728b) [PhysX] Initialized MultithreadedTaskDispatcher with 12 workers.
 -> (artifact id: 'ae68151bf3ed71c670e529a0360ea98a') in 0.000982 seconds
Number of updated asset objects reloaded before import = 0
Number of asset objects unloaded after import = 0
========================================================================
Received Import Request.
  Time since last request: 7.777090 seconds.
  path: Assets/_Game/Scripts/Gameplay/GunBase.cs
  artifactKey: Guid(4cc1f91ffd9c1ee4f862c0b3352ddc14) Importer(815301076,1909f56bfc062723c751e8b465ee728b)
Start importing Assets/_Game/Scripts/Gameplay/GunBase.cs using Guid(4cc1f91ffd9c1ee4f862c0b3352ddc14) Importer(815301076,1909f56bfc062723c751e8b465ee728b) [PhysX] Initialized MultithreadedTaskDispatcher with 12 workers.
 -> (artifact id: '55f8ea5ee9a57c734424a0394137c186') in 0.000548 seconds
Number of updated asset objects reloaded before import = 0
Number of asset objects unloaded after import = 0
========================================================================
Received Import Request.
  Time since last request: 5.486307 seconds.
  path: Assets/_Game/Scripts/Gameplay/GunBase.cs
  artifactKey: Guid(4cc1f91ffd9c1ee4f862c0b3352ddc14) Importer(815301076,1909f56bfc062723c751e8b465ee728b)
Start importing Assets/_Game/Scripts/Gameplay/GunBase.cs using Guid(4cc1f91ffd9c1ee4f862c0b3352ddc14) Importer(815301076,1909f56bfc062723c751e8b465ee728b) [PhysX] Initialized MultithreadedTaskDispatcher with 12 workers.
 -> (artifact id: 'cd498160d2e1617533345f83e9249201') in 0.000470 seconds
Number of updated asset objects reloaded before import = 0
Number of asset objects unloaded after import = 0
========================================================================
Received Import Request.
  Time since last request: 4.135386 seconds.
  path: Assets/_Game/Scripts/Gameplay/GunBase.cs
  artifactKey: Guid(4cc1f91ffd9c1ee4f862c0b3352ddc14) Importer(815301076,1909f56bfc062723c751e8b465ee728b)
Start importing Assets/_Game/Scripts/Gameplay/GunBase.cs using Guid(4cc1f91ffd9c1ee4f862c0b3352ddc14) Importer(815301076,1909f56bfc062723c751e8b465ee728b) [PhysX] Initialized MultithreadedTaskDispatcher with 12 workers.
 -> (artifact id: '7ba61c478e35c3b52d5f05e9f9c5c4ca') in 0.001009 seconds
Number of updated asset objects reloaded before import = 0
Number of asset objects unloaded after import = 0
========================================================================
Received Import Request.
  Time since last request: 93.949539 seconds.
  path: Assets/_Game/Scripts/Gameplay/Rifle.cs
  artifactKey: Guid(6c13fb80c32d6ae4d87f97d3d3a287c3) Importer(815301076,1909f56bfc062723c751e8b465ee728b)
Start importing Assets/_Game/Scripts/Gameplay/Rifle.cs using Guid(6c13fb80c32d6ae4d87f97d3d3a287c3) Importer(815301076,1909f56bfc062723c751e8b465ee728b) [PhysX] Initialized MultithreadedTaskDispatcher with 12 workers.
 -> (artifact id: 'c5ca62d4a83d2569eaeb5508429a3b81') in 0.000645 seconds
Number of updated asset objects reloaded before import = 0
Number of asset objects unloaded after import = 0
========================================================================
Received Import Request.
  Time since last request: 9.928170 seconds.
  path: Assets/_Game/Scripts/Gameplay/Rifle.cs
  artifactKey: Guid(6c13fb80c32d6ae4d87f97d3d3a287c3) Importer(815301076,1909f56bfc062723c751e8b465ee728b)
Start importing Assets/_Game/Scripts/Gameplay/Rifle.cs using Guid(6c13fb80c32d6ae4d87f97d3d3a287c3) Importer(815301076,1909f56bfc062723c751e8b465ee728b) [PhysX] Initialized MultithreadedTaskDispatcher with 12 workers.
 -> (artifact id: '69a60dd81340bc75ad336a3a3c6220c7') in 0.001032 seconds
Number of updated asset objects reloaded before import = 0
Number of asset objects unloaded after import = 0
========================================================================
Received Import Request.
  Time since last request: 127.121393 seconds.
  path: Assets/_Game/Scripts/Gameplay/Rifle.cs
  artifactKey: Guid(6c13fb80c32d6ae4d87f97d3d3a287c3) Importer(815301076,1909f56bfc062723c751e8b465ee728b)
Start importing Assets/_Game/Scripts/Gameplay/Rifle.cs using Guid(6c13fb80c32d6ae4d87f97d3d3a287c3) Importer(815301076,1909f56bfc062723c751e8b465ee728b) [PhysX] Initialized MultithreadedTaskDispatcher with 12 workers.
 -> (artifact id: '9f2986293191ebbb1798e1b89f02b64b') in 0.000495 seconds
Number of updated asset objects reloaded before import = 0
Number of asset objects unloaded after import = 0
========================================================================
Received Import Request.
  Time since last request: 47.778174 seconds.
  path: Assets/_Game/Scripts/Gameplay/Rifle.cs
  artifactKey: Guid(6c13fb80c32d6ae4d87f97d3d3a287c3) Importer(815301076,1909f56bfc062723c751e8b465ee728b)
Start importing Assets/_Game/Scripts/Gameplay/Rifle.cs using Guid(6c13fb80c32d6ae4d87f97d3d3a287c3) Importer(815301076,1909f56bfc062723c751e8b465ee728b) [PhysX] Initialized MultithreadedTaskDispatcher with 12 workers.
 -> (artifact id: '8058720d524607d31c94741a7fbf35c8') in 0.000525 seconds
Number of updated asset objects reloaded before import = 0
Number of asset objects unloaded after import = 0
========================================================================
Received Import Request.
  Time since last request: 21.566386 seconds.
  path: Assets/_Game/Scripts/Gameplay/Bullet.cs
  artifactKey: Guid(c8e97b598e702774eb48bc55b41d7f48) Importer(815301076,1909f56bfc062723c751e8b465ee728b)
Start importing Assets/_Game/Scripts/Gameplay/Bullet.cs using Guid(c8e97b598e702774eb48bc55b41d7f48) Importer(815301076,1909f56bfc062723c751e8b465ee728b) [PhysX] Initialized MultithreadedTaskDispatcher with 12 workers.
 -> (artifact id: 'f615b06201ec23d19918c500c329763e') in 0.000621 seconds
Number of updated asset objects reloaded before import = 0
Number of asset objects unloaded after import = 0
========================================================================
Received Import Request.
  Time since last request: 404.333489 seconds.
  path: Assets/_Game/Scripts/Gameplay/New Folder
  artifactKey: Guid(4f622d9f17777a04aacc63711e0878f3) Importer(815301076,1909f56bfc062723c751e8b465ee728b)
Start importing Assets/_Game/Scripts/Gameplay/New Folder using Guid(4f622d9f17777a04aacc63711e0878f3) Importer(815301076,1909f56bfc062723c751e8b465ee728b) [PhysX] Initialized MultithreadedTaskDispatcher with 12 workers.
 -> (artifact id: '5b17c98ea5fb8c60e0e01413bbfa6b0f') in 0.000852 seconds
Number of updated asset objects reloaded before import = 0
Number of asset objects unloaded after import = 0
========================================================================
Received Import Request.
  Time since last request: 5.898915 seconds.
  path: Assets/_Game/Scripts/Gameplay/Weapon
  artifactKey: Guid(4f622d9f17777a04aacc63711e0878f3) Importer(815301076,1909f56bfc062723c751e8b465ee728b)
Start importing Assets/_Game/Scripts/Gameplay/Weapon using Guid(4f622d9f17777a04aacc63711e0878f3) Importer(815301076,1909f56bfc062723c751e8b465ee728b) [PhysX] Initialized MultithreadedTaskDispatcher with 12 workers.
 -> (artifact id: '4abaea2b4ad5c4225db8628550375715') in 0.000543 seconds
Number of updated asset objects reloaded before import = 0
Number of asset objects unloaded after import = 0
========================================================================
Received Import Request.
  Time since last request: 12.942428 seconds.
  path: Assets/_Game/Scripts/Gameplay/Blade.cs
  artifactKey: Guid(5fb894c47e0925444b2fd230f477d34b) Importer(815301076,1909f56bfc062723c751e8b465ee728b)
Start importing Assets/_Game/Scripts/Gameplay/Blade.cs using Guid(5fb894c47e0925444b2fd230f477d34b) Importer(815301076,1909f56bfc062723c751e8b465ee728b) [PhysX] Initialized MultithreadedTaskDispatcher with 12 workers.
 -> (artifact id: '91dcf5ec274911f9b82bf877d2dcb3ec') in 0.000427 seconds
Number of updated asset objects reloaded before import = 0
Number of asset objects unloaded after import = 0
========================================================================
Received Import Request.
  Time since last request: 48.145351 seconds.
  path: Assets/_Game/Scripts/Gameplay/Tower
  artifactKey: Guid(9712637efcb61114192a28ac7afe1ed4) Importer(815301076,1909f56bfc062723c751e8b465ee728b)
Start importing Assets/_Game/Scripts/Gameplay/Tower using Guid(9712637efcb61114192a28ac7afe1ed4) Importer(815301076,1909f56bfc062723c751e8b465ee728b) [PhysX] Initialized MultithreadedTaskDispatcher with 12 workers.
 -> (artifact id: '2b8205621a9f206f95308577def5ab28') in 0.000847 seconds
Number of updated asset objects reloaded before import = 0
Number of asset objects unloaded after import = 0
========================================================================
Received Import Request.
  Time since last request: 9.807569 seconds.
  path: Assets/_Game/Scripts/Gameplay/Tower/TowerBase.cs
  artifactKey: Guid(a8b746208109bf8489e2b7f35f66380c) Importer(815301076,1909f56bfc062723c751e8b465ee728b)
Start importing Assets/_Game/Scripts/Gameplay/Tower/TowerBase.cs using Guid(a8b746208109bf8489e2b7f35f66380c) Importer(815301076,1909f56bfc062723c751e8b465ee728b) [PhysX] Initialized MultithreadedTaskDispatcher with 12 workers.
 -> (artifact id: 'b4d67e3e810b7707bcf6f9faed945e1e') in 0.000445 seconds
Number of updated asset objects reloaded before import = 0
Number of asset objects unloaded after import = 0
========================================================================
Received Import Request.
  Time since last request: 7.116146 seconds.
  path: Assets/_Game/Scripts/Gameplay/Tower/HeroCar.cs
  artifactKey: Guid(a42bd1b2b93fc814faab6c10682d6504) Importer(815301076,1909f56bfc062723c751e8b465ee728b)
Start importing Assets/_Game/Scripts/Gameplay/Tower/HeroCar.cs using Guid(a42bd1b2b93fc814faab6c10682d6504) Importer(815301076,1909f56bfc062723c751e8b465ee728b) [PhysX] Initialized MultithreadedTaskDispatcher with 12 workers.
 -> (artifact id: 'a006d05d64779e2d4d3d1b429b0239e5') in 0.000443 seconds
Number of updated asset objects reloaded before import = 0
Number of asset objects unloaded after import = 0
========================================================================
Received Import Request.
  Time since last request: 15.878428 seconds.
  path: Assets/_Game/Scripts/Gameplay/Tower/ZombieBarier.cs
  artifactKey: Guid(c409a4e2bd0380f4ebcf87b6d5f21c09) Importer(815301076,1909f56bfc062723c751e8b465ee728b)
Start importing Assets/_Game/Scripts/Gameplay/Tower/ZombieBarier.cs using Guid(c409a4e2bd0380f4ebcf87b6d5f21c09) Importer(815301076,1909f56bfc062723c751e8b465ee728b) [PhysX] Initialized MultithreadedTaskDispatcher with 12 workers.
 -> (artifact id: 'c4e49cc61af7a1ea53fc1ebe8fea8ac3') in 0.000586 seconds
Number of updated asset objects reloaded before import = 0
Number of asset objects unloaded after import = 0
========================================================================
Received Import Request.
  Time since last request: 30.170125 seconds.
  path: Assets/_Game/Scripts/Gameplay/Tower/HeroCar.cs
  artifactKey: Guid(a42bd1b2b93fc814faab6c10682d6504) Importer(815301076,1909f56bfc062723c751e8b465ee728b)
Start importing Assets/_Game/Scripts/Gameplay/Tower/HeroCar.cs using Guid(a42bd1b2b93fc814faab6c10682d6504) Importer(815301076,1909f56bfc062723c751e8b465ee728b) [PhysX] Initialized MultithreadedTaskDispatcher with 12 workers.
 -> (artifact id: '286cfbb3368f45d155ed1531eef18ec2') in 0.000706 seconds
Number of updated asset objects reloaded before import = 0
Number of asset objects unloaded after import = 0
========================================================================
Received Import Request.
  Time since last request: 16.322479 seconds.
  path: Assets/_Game/Scripts/Gameplay/Tower/ZombieBarier.cs
  artifactKey: Guid(c409a4e2bd0380f4ebcf87b6d5f21c09) Importer(815301076,1909f56bfc062723c751e8b465ee728b)
Start importing Assets/_Game/Scripts/Gameplay/Tower/ZombieBarier.cs using Guid(c409a4e2bd0380f4ebcf87b6d5f21c09) Importer(815301076,1909f56bfc062723c751e8b465ee728b) [PhysX] Initialized MultithreadedTaskDispatcher with 12 workers.
 -> (artifact id: 'b776080f41288b229c953d02258439b6') in 0.000438 seconds
Number of updated asset objects reloaded before import = 0
Number of asset objects unloaded after import = 0
========================================================================
Received Import Request.
  Time since last request: 3.212691 seconds.
  path: Assets/_Game/Scripts/Gameplay/Tower/ZombieBarier.cs
  artifactKey: Guid(c409a4e2bd0380f4ebcf87b6d5f21c09) Importer(815301076,1909f56bfc062723c751e8b465ee728b)
Start importing Assets/_Game/Scripts/Gameplay/Tower/ZombieBarier.cs using Guid(c409a4e2bd0380f4ebcf87b6d5f21c09) Importer(815301076,1909f56bfc062723c751e8b465ee728b) [PhysX] Initialized MultithreadedTaskDispatcher with 12 workers.
 -> (artifact id: 'bf07651f823a2a05657a15fe9438b724') in 0.000522 seconds
Number of updated asset objects reloaded before import = 0
Number of asset objects unloaded after import = 0
========================================================================
Received Import Request.
  Time since last request: 9.480386 seconds.
  path: Assets/_Game/Scripts/Gameplay/Tower/ZombieBarier.cs
  artifactKey: Guid(c409a4e2bd0380f4ebcf87b6d5f21c09) Importer(815301076,1909f56bfc062723c751e8b465ee728b)
Start importing Assets/_Game/Scripts/Gameplay/Tower/ZombieBarier.cs using Guid(c409a4e2bd0380f4ebcf87b6d5f21c09) Importer(815301076,1909f56bfc062723c751e8b465ee728b) [PhysX] Initialized MultithreadedTaskDispatcher with 12 workers.
 -> (artifact id: '6c63486754737abc29fa0ff9d1ed16b9') in 0.000868 seconds
Number of updated asset objects reloaded before import = 0
Number of asset objects unloaded after import = 0
========================================================================
Received Import Request.
  Time since last request: 178.033696 seconds.
  path: Assets/_Game/Scripts/Gameplay/Tower/ZombieBarier.cs
  artifactKey: Guid(c409a4e2bd0380f4ebcf87b6d5f21c09) Importer(815301076,1909f56bfc062723c751e8b465ee728b)
Start importing Assets/_Game/Scripts/Gameplay/Tower/ZombieBarier.cs using Guid(c409a4e2bd0380f4ebcf87b6d5f21c09) Importer(815301076,1909f56bfc062723c751e8b465ee728b) [PhysX] Initialized MultithreadedTaskDispatcher with 12 workers.
 -> (artifact id: 'd3aa4f8c7aa2197a710913eb74814237') in 0.000693 seconds
Number of updated asset objects reloaded before import = 0
Number of asset objects unloaded after import = 0
========================================================================
Received Import Request.
  Time since last request: 17.110123 seconds.
  path: Assets/_Game/Scripts/Gameplay/Tower/ZombieBarier.cs
  artifactKey: Guid(c409a4e2bd0380f4ebcf87b6d5f21c09) Importer(815301076,1909f56bfc062723c751e8b465ee728b)
Start importing Assets/_Game/Scripts/Gameplay/Tower/ZombieBarier.cs using Guid(c409a4e2bd0380f4ebcf87b6d5f21c09) Importer(815301076,1909f56bfc062723c751e8b465ee728b) [PhysX] Initialized MultithreadedTaskDispatcher with 12 workers.
 -> (artifact id: '01910bda77dc2a2f30b7acf21cf64cc7') in 0.000412 seconds
Number of updated asset objects reloaded before import = 0
Number of asset objects unloaded after import = 0
========================================================================
Received Import Request.
  Time since last request: 275.675219 seconds.
  path: Assets/_Game/Scripts/Gameplay/Tower/ZombieBarier.cs
  artifactKey: Guid(c409a4e2bd0380f4ebcf87b6d5f21c09) Importer(815301076,1909f56bfc062723c751e8b465ee728b)
Start importing Assets/_Game/Scripts/Gameplay/Tower/ZombieBarier.cs using Guid(c409a4e2bd0380f4ebcf87b6d5f21c09) Importer(815301076,1909f56bfc062723c751e8b465ee728b) [PhysX] Initialized MultithreadedTaskDispatcher with 12 workers.
 -> (artifact id: '2e2f7fc137825db054c939b8dc2b124d') in 0.000728 seconds
Number of updated asset objects reloaded before import = 0
Number of asset objects unloaded after import = 0
========================================================================
Received Import Request.
  Time since last request: 5.114935 seconds.
  path: Assets/_Game/Scripts/Gameplay/Tower/ZombieBarier.cs
  artifactKey: Guid(c409a4e2bd0380f4ebcf87b6d5f21c09) Importer(815301076,1909f56bfc062723c751e8b465ee728b)
Start importing Assets/_Game/Scripts/Gameplay/Tower/ZombieBarier.cs using Guid(c409a4e2bd0380f4ebcf87b6d5f21c09) Importer(815301076,1909f56bfc062723c751e8b465ee728b) [PhysX] Initialized MultithreadedTaskDispatcher with 12 workers.
 -> (artifact id: 'afbe65b0b63177d126753a9c0dacc739') in 0.000494 seconds
Number of updated asset objects reloaded before import = 0
Number of asset objects unloaded after import = 0
========================================================================
Received Import Request.
  Time since last request: 7.500067 seconds.
  path: Assets/_Game/Scripts/Gameplay/Tower/ZombieBarier.cs
  artifactKey: Guid(c409a4e2bd0380f4ebcf87b6d5f21c09) Importer(815301076,1909f56bfc062723c751e8b465ee728b)
Start importing Assets/_Game/Scripts/Gameplay/Tower/ZombieBarier.cs using Guid(c409a4e2bd0380f4ebcf87b6d5f21c09) Importer(815301076,1909f56bfc062723c751e8b465ee728b) [PhysX] Initialized MultithreadedTaskDispatcher with 12 workers.
 -> (artifact id: '698608a06a30e2582d78f1fb9d64f68c') in 0.000564 seconds
Number of updated asset objects reloaded before import = 0
Number of asset objects unloaded after import = 0
========================================================================
Received Import Request.
  Time since last request: 5.950723 seconds.
  path: Assets/_Game/Scripts/Gameplay/Tower/ZombieBarier.cs
  artifactKey: Guid(c409a4e2bd0380f4ebcf87b6d5f21c09) Importer(815301076,1909f56bfc062723c751e8b465ee728b)
Start importing Assets/_Game/Scripts/Gameplay/Tower/ZombieBarier.cs using Guid(c409a4e2bd0380f4ebcf87b6d5f21c09) Importer(815301076,1909f56bfc062723c751e8b465ee728b) [PhysX] Initialized MultithreadedTaskDispatcher with 12 workers.
 -> (artifact id: '38556134ede42bc23aa007ba8e7d65ff') in 0.001899 seconds
Number of updated asset objects reloaded before import = 0
Number of asset objects unloaded after import = 0
========================================================================
Received Import Request.
  Time since last request: 22.701712 seconds.
  path: Assets/_Game/Scripts/Gameplay/Tower/ZombieBarier.cs
  artifactKey: Guid(c409a4e2bd0380f4ebcf87b6d5f21c09) Importer(815301076,1909f56bfc062723c751e8b465ee728b)
Start importing Assets/_Game/Scripts/Gameplay/Tower/ZombieBarier.cs using Guid(c409a4e2bd0380f4ebcf87b6d5f21c09) Importer(815301076,1909f56bfc062723c751e8b465ee728b) [PhysX] Initialized MultithreadedTaskDispatcher with 12 workers.
 -> (artifact id: '9825343c281961be391562eca51ece2b') in 0.000642 seconds
Number of updated asset objects reloaded before import = 0
Number of asset objects unloaded after import = 0
========================================================================
Received Import Request.
  Time since last request: 222.597775 seconds.
  path: Assets/_Game/Scripts/Gameplay/Sight.cs
  artifactKey: Guid(bf7418632e8df854c80b8a7a3c91e231) Importer(815301076,1909f56bfc062723c751e8b465ee728b)
Start importing Assets/_Game/Scripts/Gameplay/Sight.cs using Guid(bf7418632e8df854c80b8a7a3c91e231) Importer(815301076,1909f56bfc062723c751e8b465ee728b) [PhysX] Initialized MultithreadedTaskDispatcher with 12 workers.
 -> (artifact id: 'e03e1f3f3d98d63a8e0ba83dbea30b01') in 0.000673 seconds
Number of updated asset objects reloaded before import = 0
Number of asset objects unloaded after import = 0
========================================================================
Received Import Request.
  Time since last request: 408.896166 seconds.
  path: Assets/_Game/_Src/kenney_food-kit/Previews/bacon.png
  artifactKey: Guid(da33aa26e9af59141b5702bc30b18d9f) Importer(815301076,1909f56bfc062723c751e8b465ee728b)
Start importing Assets/_Game/_Src/kenney_food-kit/Previews/bacon.png using Guid(da33aa26e9af59141b5702bc30b18d9f) Importer(815301076,1909f56bfc062723c751e8b465ee728b) [PhysX] Initialized MultithreadedTaskDispatcher with 12 workers.
[PhysX] Initialized MultithreadedTaskDispatcher with 12 workers.
 -> (artifact id: '83b9aefb8f23fc2a547ff4e348ba9113') in 0.234387 seconds
Number of updated asset objects reloaded before import = 0
Number of asset objects unloaded after import = 2
========================================================================
Received Import Request.
  Time since last request: 0.000024 seconds.
  path: Assets/_Game/_Src/kenney_food-kit/Models/OBJ format/bacon.obj
  artifactKey: Guid(345a2923b3f22ef43a63d8032cab59c2) Importer(815301076,1909f56bfc062723c751e8b465ee728b)
Start importing Assets/_Game/_Src/kenney_food-kit/Models/OBJ format/bacon.obj using Guid(345a2923b3f22ef43a63d8032cab59c2) Importer(815301076,1909f56bfc062723c751e8b465ee728b) [PhysX] Initialized MultithreadedTaskDispatcher with 12 workers.
[PhysX] Initialized MultithreadedTaskDispatcher with 12 workers.
[PhysX] Initialized MultithreadedTaskDispatcher with 12 workers.
[PhysX] Initialized MultithreadedTaskDispatcher with 12 workers.
[PhysX] Initialized MultithreadedTaskDispatcher with 12 workers.
 -> (artifact id: '13cd1a78e58d77b8a782bb2d3412e830') in 0.478655 seconds
Number of updated asset objects reloaded before import = 0
Number of asset objects unloaded after import = 11
========================================================================
Received Import Request.
  Time since last request: 0.000030 seconds.
  path: Assets/_Game/_Src/kenney_car-kit/Models/OBJ format/cone.obj
  artifactKey: Guid(f1bd8940c14373f4ab260d2286feba9e) Importer(815301076,1909f56bfc062723c751e8b465ee728b)
Start importing Assets/_Game/_Src/kenney_car-kit/Models/OBJ format/cone.obj using Guid(f1bd8940c14373f4ab260d2286feba9e) Importer(815301076,1909f56bfc062723c751e8b465ee728b) [PhysX] Initialized MultithreadedTaskDispatcher with 12 workers.
[PhysX] Initialized MultithreadedTaskDispatcher with 12 workers.
[PhysX] Initialized MultithreadedTaskDispatcher with 12 workers.
[PhysX] Initialized MultithreadedTaskDispatcher with 12 workers.
[PhysX] Initialized MultithreadedTaskDispatcher with 12 workers.
 -> (artifact id: 'b6a7e4cf02ac464029c776a933691b96') in 0.071042 seconds
Number of updated asset objects reloaded before import = 0
Number of asset objects unloaded after import = 11
========================================================================
Received Import Request.
  Time since last request: 0.000026 seconds.
  path: Assets/_Game/_Src/kenney_food-kit/Models/FBX format/coconut.fbx
  artifactKey: Guid(87dc595ea02a3394ba73f940dbbf788e) Importer(815301076,1909f56bfc062723c751e8b465ee728b)
Start importing Assets/_Game/_Src/kenney_food-kit/Models/FBX format/coconut.fbx using Guid(87dc595ea02a3394ba73f940dbbf788e) Importer(815301076,1909f56bfc062723c751e8b465ee728b) [PhysX] Initialized MultithreadedTaskDispatcher with 12 workers.
[PhysX] Initialized MultithreadedTaskDispatcher with 12 workers.
[PhysX] Initialized MultithreadedTaskDispatcher with 12 workers.
[PhysX] Initialized MultithreadedTaskDispatcher with 12 workers.
 -> (artifact id: '893f0b2fd5cc34b492cea6b63f8f6567') in 0.052311 seconds
Number of updated asset objects reloaded before import = 0
Number of asset objects unloaded after import = 9
========================================================================
Received Import Request.
  Time since last request: 0.000019 seconds.
  path: Assets/_Game/_Src/kenney_food-kit/Models/FBX format/coconut-half.fbx
  artifactKey: Guid(aba3ba690cc72774a8c7ffd8841b4420) Importer(815301076,1909f56bfc062723c751e8b465ee728b)
Start importing Assets/_Game/_Src/kenney_food-kit/Models/FBX format/coconut-half.fbx using Guid(aba3ba690cc72774a8c7ffd8841b4420) Importer(815301076,1909f56bfc062723c751e8b465ee728b) [PhysX] Initialized MultithreadedTaskDispatcher with 12 workers.
[PhysX] Initialized MultithreadedTaskDispatcher with 12 workers.
[PhysX] Initialized MultithreadedTaskDispatcher with 12 workers.
[PhysX] Initialized MultithreadedTaskDispatcher with 12 workers.
 -> (artifact id: '5f5777e18e2f4d758917e83eb6627c96') in 0.037618 seconds
Number of updated asset objects reloaded before import = 0
Number of asset objects unloaded after import = 9
========================================================================
Received Import Request.
  Time since last request: 0.000027 seconds.
  path: Assets/_Game/_Src/kenney_food-kit/Previews/coconut-half.png
  artifactKey: Guid(a7f50a25c8664a240a1c912116f8e6bf) Importer(815301076,1909f56bfc062723c751e8b465ee728b)
Start importing Assets/_Game/_Src/kenney_food-kit/Previews/coconut-half.png using Guid(a7f50a25c8664a240a1c912116f8e6bf) Importer(815301076,1909f56bfc062723c751e8b465ee728b) [PhysX] Initialized MultithreadedTaskDispatcher with 12 workers.
[PhysX] Initialized MultithreadedTaskDispatcher with 12 workers.
 -> (artifact id: '6a7e84906aaba0773812bf4ae1f0da84') in 0.016246 seconds
Number of updated asset objects reloaded before import = 0
Number of asset objects unloaded after import = 2
========================================================================
Received Import Request.
  Time since last request: 0.000023 seconds.
  path: Assets/_Game/_Src/kenney_car-kit/Previews/cone-flat.png
  artifactKey: Guid(d44ab559b512d5443961ddb96db6de96) Importer(815301076,1909f56bfc062723c751e8b465ee728b)
Start importing Assets/_Game/_Src/kenney_car-kit/Previews/cone-flat.png using Guid(d44ab559b512d5443961ddb96db6de96) Importer(815301076,1909f56bfc062723c751e8b465ee728b) [PhysX] Initialized MultithreadedTaskDispatcher with 12 workers.
[PhysX] Initialized MultithreadedTaskDispatcher with 12 workers.
 -> (artifact id: '55d0cc63830406b481ff476b37bcfbbc') in 0.024325 seconds
Number of updated asset objects reloaded before import = 0
Number of asset objects unloaded after import = 2
========================================================================
Received Import Request.
  Time since last request: 2.143892 seconds.
  path: Assets/_Game/Scripts/Constants.cs
  artifactKey: Guid(970d0de801edfaf4caf05d1a513952a6) Importer(815301076,1909f56bfc062723c751e8b465ee728b)
Start importing Assets/_Game/Scripts/Constants.cs using Guid(970d0de801edfaf4caf05d1a513952a6) Importer(815301076,1909f56bfc062723c751e8b465ee728b) [PhysX] Initialized MultithreadedTaskDispatcher with 12 workers.
 -> (artifact id: 'c1fc0528599a0f07b9d8ed2739c5cf24') in 0.000503 seconds
Number of updated asset objects reloaded before import = 0
Number of asset objects unloaded after import = 0
